<?xml version="1.0" encoding="UTF-8"?>
<coverage generated="1776182966583" clover="3.2.0">
  <project timestamp="1776182966583" name="All files">
    <metrics statements="376" coveredstatements="286" conditionals="149" coveredconditionals="99" methods="68" coveredmethods="50" elements="593" coveredelements="435" complexity="0" loc="376" ncloc="376" packages="7" files="13" classes="13"/>
    <package name="src">
      <metrics statements="33" coveredstatements="30" conditionals="4" coveredconditionals="2" methods="4" coveredmethods="1"/>
      <file name="app.js" path="F:\Otus\otus-ai-project\backend\src\app.js">
        <metrics statements="33" coveredstatements="30" conditionals="4" coveredconditionals="2" methods="4" coveredmethods="1"/>
        <line num="2" count="2" type="stmt"/>
        <line num="3" count="2" type="stmt"/>
        <line num="4" count="2" type="stmt"/>
        <line num="5" count="2" type="stmt"/>
        <line num="6" count="2" type="stmt"/>
        <line num="8" count="2" type="stmt"/>
        <line num="9" count="2" type="stmt"/>
        <line num="10" count="2" type="stmt"/>
        <line num="12" count="2" type="stmt"/>
        <line num="13" count="2" type="stmt"/>
        <line num="14" count="2" type="stmt"/>
        <line num="16" count="2" type="stmt"/>
        <line num="17" count="2" type="stmt"/>
        <line num="18" count="2" type="stmt"/>
        <line num="20" count="2" type="cond" truecount="1" falsecount="1"/>
        <line num="31" count="27" type="stmt"/>
        <line num="32" count="27" type="stmt"/>
        <line num="33" count="27" type="stmt"/>
        <line num="35" count="27" type="stmt"/>
        <line num="37" count="27" type="stmt"/>
        <line num="38" count="27" type="stmt"/>
        <line num="39" count="27" type="stmt"/>
        <line num="41" count="27" type="stmt"/>
        <line num="42" count="27" type="stmt"/>
        <line num="43" count="27" type="stmt"/>
        <line num="44" count="27" type="stmt"/>
        <line num="46" count="27" type="stmt"/>
        <line num="48" count="27" type="stmt"/>
        <line num="52" count="2" type="cond" truecount="1" falsecount="1"/>
        <line num="53" count="0" type="stmt"/>
        <line num="54" count="0" type="stmt"/>
        <line num="55" count="0" type="stmt"/>
        <line num="59" count="2" type="stmt"/>
      </file>
    </package>
    <package name="src.__tests__.helpers">
      <metrics statements="3" coveredstatements="3" conditionals="0" coveredconditionals="0" methods="1" coveredmethods="1"/>
      <file name="createTestDb.js" path="F:\Otus\otus-ai-project\backend\src\__tests__\helpers\createTestDb.js">
        <metrics statements="3" coveredstatements="3" conditionals="0" coveredconditionals="0" methods="1" coveredmethods="1"/>
        <line num="4" count="2" type="stmt"/>
        <line num="15" count="27" type="stmt"/>
        <line num="18" count="2" type="stmt"/>
      </file>
    </package>
    <package name="src.config">
      <metrics statements="17" coveredstatements="14" conditionals="0" coveredconditionals="0" methods="3" coveredmethods="2"/>
      <file name="database.js" path="F:\Otus\otus-ai-project\backend\src\config\database.js">
        <metrics statements="14" coveredstatements="11" conditionals="0" coveredconditionals="0" methods="3" coveredmethods="2"/>
        <line num="2" count="2" type="stmt"/>
        <line num="3" count="2" type="stmt"/>
        <line num="4" count="2" type="stmt"/>
        <line num="12" count="27" type="stmt"/>
        <line num="24" count="27" type="stmt"/>
        <line num="33" count="27" type="stmt"/>
        <line num="42" count="27" type="stmt"/>
        <line num="57" count="27" type="stmt"/>
        <line num="58" count="27" type="stmt"/>
        <line num="59" count="27" type="stmt"/>
        <line num="66" count="0" type="stmt"/>
        <line num="67" count="0" type="stmt"/>
        <line num="68" count="0" type="stmt"/>
        <line num="71" count="2" type="stmt"/>
      </file>
      <file name="swagger.js" path="F:\Otus\otus-ai-project\backend\src\config\swagger.js">
        <metrics statements="3" coveredstatements="3" conditionals="0" coveredconditionals="0" methods="0" coveredmethods="0"/>
        <line num="2" count="2" type="stmt"/>
        <line num="4" count="2" type="stmt"/>
        <line num="43" count="2" type="stmt"/>
      </file>
    </package>
    <package name="src.middleware">
      <metrics statements="20" coveredstatements="13" conditionals="6" coveredconditionals="4" methods="2" coveredmethods="1"/>
      <file name="adminAuth.js" path="F:\Otus\otus-ai-project\backend\src\middleware\adminAuth.js">
        <metrics statements="9" coveredstatements="2" conditionals="2" coveredconditionals="0" methods="1" coveredmethods="0"/>
        <line num="2" count="2" type="stmt"/>
        <line num="5" count="0" type="stmt"/>
        <line num="6" count="0" type="cond" truecount="0" falsecount="2"/>
        <line num="7" count="0" type="stmt"/>
        <line num="9" count="0" type="stmt"/>
        <line num="10" count="0" type="stmt"/>
        <line num="11" count="0" type="stmt"/>
        <line num="13" count="0" type="stmt"/>
        <line num="17" count="2" type="stmt"/>
      </file>
      <file name="auth.js" path="F:\Otus\otus-ai-project\backend\src\middleware\auth.js">
        <metrics statements="11" coveredstatements="11" conditionals="4" coveredconditionals="4" methods="1" coveredmethods="1"/>
        <line num="2" count="4" type="stmt"/>
        <line num="4" count="4" type="stmt"/>
        <line num="6" count="24" type="cond" truecount="2" falsecount="0"/>
        <line num="8" count="24" type="cond" truecount="2" falsecount="0"/>
        <line num="9" count="5" type="stmt"/>
        <line num="12" count="19" type="stmt"/>
        <line num="13" count="19" type="stmt"/>
        <line num="14" count="15" type="stmt"/>
        <line num="15" count="15" type="stmt"/>
        <line num="17" count="4" type="stmt"/>
        <line num="21" count="4" type="stmt"/>
      </file>
    </package>
    <package name="src.models">
      <metrics statements="61" coveredstatements="49" conditionals="6" coveredconditionals="3" methods="25" coveredmethods="21"/>
      <file name="PasswordReset.js" path="F:\Otus\otus-ai-project\backend\src\models\PasswordReset.js">
        <metrics statements="23" coveredstatements="21" conditionals="4" coveredconditionals="3" methods="7" coveredmethods="7"/>
        <line num="2" count="2" type="stmt"/>
        <line num="4" count="2" type="stmt"/>
        <line num="5" count="2" type="stmt"/>
        <line num="8" count="5" type="stmt"/>
        <line num="16" count="27" type="stmt"/>
        <line num="20" count="5" type="stmt"/>
        <line num="21" count="5" type="stmt"/>
        <line num="22" count="5" type="stmt"/>
        <line num="23" count="5" type="stmt"/>
        <line num="27" count="5" type="stmt"/>
        <line num="31" count="3" type="stmt"/>
        <line num="35" count="3" type="cond" truecount="2" falsecount="0"/>
        <line num="36" count="2" type="cond" truecount="1" falsecount="1"/>
        <line num="37" count="0" type="stmt"/>
        <line num="38" count="0" type="stmt"/>
        <line num="40" count="2" type="stmt"/>
        <line num="44" count="2" type="stmt"/>
        <line num="48" count="7" type="stmt"/>
        <line num="49" count="7" type="stmt"/>
        <line num="53" count="7" type="stmt"/>
        <line num="57" count="6" type="stmt"/>
        <line num="58" count="6" type="stmt"/>
        <line num="66" count="2" type="stmt"/>
      </file>
      <file name="RefreshToken.js" path="F:\Otus\otus-ai-project\backend\src\models\RefreshToken.js">
        <metrics statements="11" coveredstatements="11" conditionals="0" coveredconditionals="0" methods="5" coveredmethods="5"/>
        <line num="2" count="2" type="stmt"/>
        <line num="4" count="2" type="stmt"/>
        <line num="11" count="27" type="stmt"/>
        <line num="13" count="12" type="stmt"/>
        <line num="14" count="12" type="stmt"/>
        <line num="15" count="12" type="stmt"/>
        <line num="19" count="12" type="stmt"/>
        <line num="23" count="3" type="stmt"/>
        <line num="27" count="3" type="stmt"/>
        <line num="31" count="2" type="stmt"/>
        <line num="36" count="2" type="stmt"/>
      </file>
      <file name="User.js" path="F:\Otus\otus-ai-project\backend\src\models\User.js">
        <metrics statements="27" coveredstatements="17" conditionals="2" coveredconditionals="0" methods="13" coveredmethods="9"/>
        <line num="2" count="2" type="stmt"/>
        <line num="3" count="2" type="stmt"/>
        <line num="13" count="27" type="stmt"/>
        <line num="15" count="19" type="stmt"/>
        <line num="16" count="19" type="stmt"/>
        <line num="17" count="19" type="stmt"/>
        <line num="18" count="19" type="stmt"/>
        <line num="22" count="18" type="stmt"/>
        <line num="26" count="20" type="stmt"/>
        <line num="30" count="8" type="stmt"/>
        <line num="37" count="13" type="stmt"/>
        <line num="41" count="17" type="stmt"/>
        <line num="45" count="15" type="stmt"/>
        <line num="52" count="2" type="stmt"/>
        <line num="53" count="2" type="stmt"/>
        <line num="57" count="1" type="stmt"/>
        <line num="63" count="0" type="stmt"/>
        <line num="69" count="0" type="stmt"/>
        <line num="70" count="0" type="stmt"/>
        <line num="71" count="0" type="stmt"/>
        <line num="75" count="0" type="stmt"/>
        <line num="79" count="0" type="cond" truecount="0" falsecount="2"/>
        <line num="80" count="0" type="stmt"/>
        <line num="81" count="0" type="stmt"/>
        <line num="86" count="0" type="stmt"/>
        <line num="94" count="0" type="stmt"/>
        <line num="99" count="2" type="stmt"/>
      </file>
    </package>
    <package name="src.routes">
      <metrics statements="175" coveredstatements="120" conditionals="73" coveredconditionals="43" methods="21" coveredmethods="13"/>
      <file name="admin.js" path="F:\Otus\otus-ai-project\backend\src\routes\admin.js">
        <metrics statements="53" coveredstatements="14" conditionals="25" coveredconditionals="0" methods="8" coveredmethods="1"/>
        <line num="2" count="2" type="stmt"/>
        <line num="3" count="2" type="stmt"/>
        <line num="4" count="2" type="stmt"/>
        <line num="6" count="2" type="stmt"/>
        <line num="17" count="27" type="stmt"/>
        <line num="20" count="27" type="stmt"/>
        <line num="21" count="0" type="cond" truecount="0" falsecount="2"/>
        <line num="22" count="0" type="cond" truecount="0" falsecount="2"/>
        <line num="28" count="0" type="stmt"/>
        <line num="30" count="0" type="stmt"/>
        <line num="31" count="0" type="stmt"/>
        <line num="32" count="0" type="stmt"/>
        <line num="36" count="27" type="stmt"/>
        <line num="37" count="0" type="stmt"/>
        <line num="38" count="0" type="stmt"/>
        <line num="42" count="27" type="stmt"/>
        <line num="43" count="0" type="stmt"/>
        <line num="47" count="27" type="stmt"/>
        <line num="48" count="0" type="stmt"/>
        <line num="49" count="0" type="stmt"/>
        <line num="50" count="0" type="stmt"/>
        <line num="52" count="0" type="stmt"/>
        <line num="53" count="0" type="stmt"/>
        <line num="58" count="27" type="stmt"/>
        <line num="59" count="0" type="cond" truecount="0" falsecount="2"/>
        <line num="60" count="0" type="cond" truecount="0" falsecount="5"/>
        <line num="61" count="0" type="stmt"/>
        <line num="63" count="0" type="stmt"/>
        <line num="64" count="0" type="stmt"/>
        <line num="65" count="0" type="stmt"/>
        <line num="67" count="0" type="cond" truecount="0" falsecount="2"/>
        <line num="68" count="0" type="stmt"/>
        <line num="70" count="0" type="stmt"/>
        <line num="71" count="0" type="stmt"/>
        <line num="76" count="27" type="stmt"/>
        <line num="77" count="0" type="cond" truecount="0" falsecount="2"/>
        <line num="78" count="0" type="cond" truecount="0" falsecount="4"/>
        <line num="79" count="0" type="stmt"/>
        <line num="81" count="0" type="stmt"/>
        <line num="82" count="0" type="stmt"/>
        <line num="83" count="0" type="stmt"/>
        <line num="85" count="0" type="cond" truecount="0" falsecount="2"/>
        <line num="86" count="0" type="stmt"/>
        <line num="88" count="0" type="stmt"/>
        <line num="89" count="0" type="stmt"/>
        <line num="94" count="27" type="stmt"/>
        <line num="95" count="0" type="stmt"/>
        <line num="96" count="0" type="stmt"/>
        <line num="97" count="0" type="stmt"/>
        <line num="99" count="0" type="stmt"/>
        <line num="100" count="0" type="stmt"/>
        <line num="104" count="27" type="stmt"/>
        <line num="107" count="2" type="stmt"/>
      </file>
      <file name="auth.js" path="F:\Otus\otus-ai-project\backend\src\routes\auth.js">
        <metrics statements="100" coveredstatements="88" conditionals="42" coveredconditionals="37" methods="10" coveredmethods="9"/>
        <line num="2" count="3" type="stmt"/>
        <line num="3" count="3" type="stmt"/>
        <line num="4" count="3" type="stmt"/>
        <line num="6" count="3" type="stmt"/>
        <line num="7" count="3" type="stmt"/>
        <line num="10" count="14" type="stmt"/>
        <line num="16" count="14" type="stmt"/>
        <line num="31" count="50" type="stmt"/>
        <line num="64" count="50" type="stmt"/>
        <line num="65" count="21" type="stmt"/>
        <line num="66" count="21" type="cond" truecount="2" falsecount="0"/>
        <line num="67" count="21" type="stmt"/>
        <line num="68" count="21" type="stmt"/>
        <line num="69" count="19" type="stmt"/>
        <line num="70" count="19" type="stmt"/>
        <line num="72" count="2" type="cond" truecount="1" falsecount="1"/>
        <line num="73" count="2" type="stmt"/>
        <line num="75" count="0" type="stmt"/>
        <line num="76" count="0" type="stmt"/>
        <line num="95" count="50" type="stmt"/>
        <line num="96" count="17" type="stmt"/>
        <line num="97" count="17" type="cond" truecount="1" falsecount="1"/>
        <line num="98" count="17" type="stmt"/>
        <line num="99" count="17" type="stmt"/>
        <line num="100" count="17" type="cond" truecount="2" falsecount="0"/>
        <line num="101" count="15" type="stmt"/>
        <line num="102" count="15" type="stmt"/>
        <line num="104" count="0" type="stmt"/>
        <line num="105" count="0" type="stmt"/>
        <line num="130" count="50" type="stmt"/>
        <line num="131" count="18" type="stmt"/>
        <line num="132" count="18" type="stmt"/>
        <line num="133" count="18" type="stmt"/>
        <line num="134" count="18" type="cond" truecount="2" falsecount="0"/>
        <line num="136" count="16" type="stmt"/>
        <line num="137" count="16" type="cond" truecount="2" falsecount="0"/>
        <line num="139" count="13" type="cond" truecount="2" falsecount="0"/>
        <line num="141" count="11" type="stmt"/>
        <line num="146" count="11" type="stmt"/>
        <line num="147" count="11" type="stmt"/>
        <line num="149" count="11" type="stmt"/>
        <line num="154" count="0" type="stmt"/>
        <line num="155" count="0" type="stmt"/>
        <line num="169" count="50" type="stmt"/>
        <line num="170" count="8" type="stmt"/>
        <line num="171" count="8" type="cond" truecount="2" falsecount="0"/>
        <line num="173" count="6" type="stmt"/>
        <line num="174" count="6" type="stmt"/>
        <line num="175" count="6" type="cond" truecount="4" falsecount="0"/>
        <line num="176" count="3" type="stmt"/>
        <line num="179" count="3" type="stmt"/>
        <line num="180" count="3" type="stmt"/>
        <line num="182" count="3" type="stmt"/>
        <line num="187" count="3" type="stmt"/>
        <line num="188" count="3" type="stmt"/>
        <line num="190" count="0" type="stmt"/>
        <line num="191" count="0" type="stmt"/>
        <line num="204" count="50" type="stmt"/>
        <line num="205" count="3" type="stmt"/>
        <line num="206" count="3" type="cond" truecount="2" falsecount="0"/>
        <line num="207" count="2" type="stmt"/>
        <line num="209" count="3" type="stmt"/>
        <line num="210" count="3" type="stmt"/>
        <line num="211" count="3" type="stmt"/>
        <line num="225" count="50" type="stmt"/>
        <line num="226" count="11" type="stmt"/>
        <line num="227" count="11" type="cond" truecount="1" falsecount="1"/>
        <line num="228" count="11" type="cond" truecount="2" falsecount="0"/>
        <line num="230" count="10" type="stmt"/>
        <line num="231" count="10" type="stmt"/>
        <line num="232" count="10" type="cond" truecount="2" falsecount="0"/>
        <line num="233" count="2" type="stmt"/>
        <line num="235" count="8" type="stmt"/>
        <line num="237" count="8" type="stmt"/>
        <line num="238" count="8" type="cond" truecount="2" falsecount="0"/>
        <line num="239" count="6" type="stmt"/>
        <line num="240" count="6" type="stmt"/>
        <line num="242" count="8" type="stmt"/>
        <line num="244" count="0" type="stmt"/>
        <line num="245" count="0" type="stmt"/>
        <line num="259" count="50" type="stmt"/>
        <line num="260" count="8" type="cond" truecount="1" falsecount="1"/>
        <line num="262" count="8" type="cond" truecount="4" falsecount="0"/>
        <line num="263" count="1" type="stmt"/>
        <line num="265" count="7" type="stmt"/>
        <line num="266" count="7" type="cond" truecount="2" falsecount="0"/>
        <line num="267" count="2" type="stmt"/>
        <line num="270" count="5" type="stmt"/>
        <line num="271" count="5" type="stmt"/>
        <line num="272" count="5" type="cond" truecount="2" falsecount="0"/>
        <line num="274" count="3" type="stmt"/>
        <line num="275" count="3" type="stmt"/>
        <line num="276" count="3" type="stmt"/>
        <line num="278" count="3" type="stmt"/>
        <line num="279" count="3" type="cond" truecount="1" falsecount="1"/>
        <line num="281" count="3" type="stmt"/>
        <line num="283" count="0" type="stmt"/>
        <line num="284" count="0" type="stmt"/>
        <line num="288" count="50" type="stmt"/>
        <line num="291" count="3" type="stmt"/>
      </file>
      <file name="profile.js" path="F:\Otus\otus-ai-project\backend\src\routes\profile.js">
        <metrics statements="22" coveredstatements="18" conditionals="6" coveredconditionals="6" methods="3" coveredmethods="3"/>
        <line num="2" count="3" type="stmt"/>
        <line num="3" count="3" type="stmt"/>
        <line num="9" count="35" type="stmt"/>
        <line num="31" count="35" type="stmt"/>
        <line num="32" count="7" type="stmt"/>
        <line num="33" count="7" type="stmt"/>
        <line num="34" count="7" type="cond" truecount="2" falsecount="0"/>
        <line num="35" count="6" type="stmt"/>
        <line num="37" count="0" type="stmt"/>
        <line num="38" count="0" type="stmt"/>
        <line num="64" count="35" type="stmt"/>
        <line num="65" count="6" type="stmt"/>
        <line num="66" count="6" type="cond" truecount="4" falsecount="0"/>
        <line num="67" count="4" type="stmt"/>
        <line num="69" count="2" type="stmt"/>
        <line num="70" count="2" type="stmt"/>
        <line num="71" count="2" type="stmt"/>
        <line num="72" count="2" type="stmt"/>
        <line num="74" count="0" type="stmt"/>
        <line num="75" count="0" type="stmt"/>
        <line num="79" count="35" type="stmt"/>
        <line num="82" count="3" type="stmt"/>
      </file>
    </package>
    <package name="src.utils">
      <metrics statements="67" coveredstatements="57" conditionals="60" coveredconditionals="47" methods="12" coveredmethods="11"/>
      <file name="validate.js" path="F:\Otus\otus-ai-project\backend\src\utils\validate.js">
        <metrics statements="67" coveredstatements="57" conditionals="60" coveredconditionals="47" methods="12" coveredmethods="11"/>
        <line num="3" count="4" type="stmt"/>
        <line num="4" count="4" type="stmt"/>
        <line num="5" count="4" type="stmt"/>
        <line num="6" count="4" type="stmt"/>
        <line num="7" count="4" type="stmt"/>
        <line num="10" count="4" type="stmt"/>
        <line num="17" count="129" type="stmt"/>
        <line num="24" count="55" type="cond" truecount="2" falsecount="0"/>
        <line num="32" count="52" type="cond" truecount="2" falsecount="0"/>
        <line num="38" count="2" type="stmt"/>
        <line num="42" count="50" type="stmt"/>
        <line num="43" count="150" type="cond" truecount="1" falsecount="1"/>
        <line num="44" count="0" type="stmt"/>
        <line num="47" count="50" type="stmt"/>
        <line num="51" count="61" type="stmt"/>
        <line num="53" count="61" type="cond" truecount="2" falsecount="0"/>
        <line num="54" count="57" type="stmt"/>
        <line num="56" count="57" type="cond" truecount="2" falsecount="0"/>
        <line num="59" count="56" type="cond" truecount="2" falsecount="0"/>
        <line num="61" count="55" type="cond" truecount="2" falsecount="0"/>
        <line num="63" count="54" type="cond" truecount="2" falsecount="0"/>
        <line num="65" count="54" type="stmt"/>
        <line num="69" count="68" type="stmt"/>
        <line num="71" count="68" type="cond" truecount="2" falsecount="0"/>
        <line num="72" count="67" type="cond" truecount="2" falsecount="0"/>
        <line num="75" count="66" type="cond" truecount="2" falsecount="0"/>
        <line num="76" count="65" type="cond" truecount="2" falsecount="0"/>
        <line num="78" count="65" type="cond" truecount="2" falsecount="0"/>
        <line num="79" count="65" type="cond" truecount="2" falsecount="0"/>
        <line num="80" count="65" type="cond" truecount="2" falsecount="0"/>
        <line num="81" count="65" type="cond" truecount="2" falsecount="0"/>
        <line num="83" count="65" type="stmt"/>
        <line num="87" count="0" type="cond" truecount="0" falsecount="2"/>
        <line num="88" count="0" type="stmt"/>
        <line num="89" count="0" type="stmt"/>
        <line num="91" count="0" type="cond" truecount="0" falsecount="2"/>
        <line num="92" count="0" type="cond" truecount="0" falsecount="2"/>
        <line num="93" count="0" type="cond" truecount="0" falsecount="2"/>
        <line num="95" count="0" type="stmt"/>
        <line num="104" count="8" type="stmt"/>
        <line num="105" count="52" type="stmt"/>
        <line num="106" count="52" type="cond" truecount="2" falsecount="0"/>
        <line num="107" count="2" type="stmt"/>
        <line num="110" count="50" type="stmt"/>
        <line num="111" count="50" type="stmt"/>
        <line num="113" count="50" type="cond" truecount="2" falsecount="0"/>
        <line num="114" count="9" type="stmt"/>
        <line num="115" count="9" type="stmt"/>
        <line num="118" count="41" type="stmt"/>
        <line num="123" count="4" type="stmt"/>
        <line num="124" count="28" type="stmt"/>
        <line num="125" count="28" type="stmt"/>
        <line num="126" count="28" type="stmt"/>
        <line num="127" count="28" type="cond" truecount="2" falsecount="0"/>
        <line num="128" count="28" type="cond" truecount="2" falsecount="0"/>
        <line num="129" count="28" type="cond" truecount="1" falsecount="1"/>
        <line num="130" count="0" type="stmt"/>
        <line num="131" count="0" type="cond" truecount="0" falsecount="2"/>
        <line num="133" count="28" type="stmt"/>
        <line num="136" count="4" type="stmt"/>
        <line num="137" count="22" type="stmt"/>
        <line num="138" count="22" type="stmt"/>
        <line num="139" count="22" type="stmt"/>
        <line num="140" count="22" type="cond" truecount="2" falsecount="0"/>
        <line num="141" count="22" type="cond" truecount="1" falsecount="1"/>
        <line num="142" count="22" type="stmt"/>
        <line num="145" count="4" type="stmt"/>
      </file>
    </package>
  </project>
</coverage>
