{"F:\\Otus\\otus-ai-project\\backend\\src\\app.js": {"path":"F:\\Otus\\otus-ai-project\\backend\\src\\app.js","statementMap":{"0":{"start":{"line":2,"column":0},"end":{"line":2,"column":27}},"1":{"start":{"line":3,"column":16},"end":{"line":3,"column":34}},"2":{"start":{"line":4,"column":13},"end":{"line":4,"column":28}},"3":{"start":{"line":5,"column":21},"end":{"line":5,"column":45}},"4":{"start":{"line":6,"column":18},"end":{"line":6,"column":47}},"5":{"start":{"line":8,"column":31},"end":{"line":8,"column":59}},"6":{"start":{"line":9,"column":20},"end":{"line":9,"column":47}},"7":{"start":{"line":10,"column":15},"end":{"line":10,"column":41}},"8":{"start":{"line":12,"column":37},"end":{"line":12,"column":61}},"9":{"start":{"line":13,"column":37},"end":{"line":13,"column":69}},"10":{"start":{"line":14,"column":37},"end":{"line":14,"column":70}},"11":{"start":{"line":16,"column":32},"end":{"line":16,"column":56}},"12":{"start":{"line":17,"column":32},"end":{"line":17,"column":59}},"13":{"start":{"line":18,"column":32},"end":{"line":18,"column":57}},"14":{"start":{"line":20,"column":13},"end":{"line":20,"column":37}},"15":{"start":{"line":31,"column":29},"end":{"line":31,"column":48}},"16":{"start":{"line":32,"column":29},"end":{"line":32,"column":56}},"17":{"start":{"line":33,"column":29},"end":{"line":33,"column":57}},"18":{"start":{"line":35,"column":14},"end":{"line":35,"column":23}},"19":{"start":{"line":37,"column":2},"end":{"line":37,"column":72}},"20":{"start":{"line":38,"column":2},"end":{"line":38,"column":26}},"21":{"start":{"line":39,"column":2},"end":{"line":39,"column":43}},"22":{"start":{"line":41,"column":2},"end":{"line":41,"column":106}},"23":{"start":{"line":42,"column":2},"end":{"line":42,"column":62}},"24":{"start":{"line":43,"column":2},"end":{"line":43,"column":60}},"25":{"start":{"line":44,"column":2},"end":{"line":44,"column":73}},"26":{"start":{"line":46,"column":2},"end":{"line":46,"column":96}},"27":{"start":{"line":46,"column":40},"end":{"line":46,"column":94}},"28":{"start":{"line":48,"column":2},"end":{"line":48,"column":13}},"29":{"start":{"line":52,"column":0},"end":{"line":57,"column":1}},"30":{"start":{"line":53,"column":2},"end":{"line":56,"column":5}},"31":{"start":{"line":54,"column":16},"end":{"line":54,"column":29}},"32":{"start":{"line":55,"column":4},"end":{"line":55,"column":89}},"33":{"start":{"line":55,"column":27},"end":{"line":55,"column":87}},"34":{"start":{"line":59,"column":0},"end":{"line":59,"column":31}}},"fnMap":{"0":{"name":"createApp","decl":{"start":{"line":30,"column":9},"end":{"line":30,"column":18}},"loc":{"start":{"line":30,"column":23},"end":{"line":49,"column":1}},"line":30},"1":{"name":"(anonymous_1)","decl":{"start":{"line":46,"column":25},"end":{"line":46,"column":26}},"loc":{"start":{"line":46,"column":40},"end":{"line":46,"column":94}},"line":46},"2":{"name":"(anonymous_2)","decl":{"start":{"line":53,"column":28},"end":{"line":53,"column":29}},"loc":{"start":{"line":53,"column":34},"end":{"line":56,"column":3}},"line":53},"3":{"name":"(anonymous_3)","decl":{"start":{"line":55,"column":21},"end":{"line":55,"column":22}},"loc":{"start":{"line":55,"column":27},"end":{"line":55,"column":87}},"line":55}},"branchMap":{"0":{"loc":{"start":{"line":20,"column":13},"end":{"line":20,"column":37}},"type":"binary-expr","locations":[{"start":{"line":20,"column":13},"end":{"line":20,"column":29}},{"start":{"line":20,"column":33},"end":{"line":20,"column":37}}],"line":20},"1":{"loc":{"start":{"line":52,"column":0},"end":{"line":57,"column":1}},"type":"if","locations":[{"start":{"line":52,"column":0},"end":{"line":57,"column":1}},{"start":{},"end":{}}],"line":52}},"s":{"0":2,"1":2,"2":2,"3":2,"4":2,"5":2,"6":2,"7":2,"8":2,"9":2,"10":2,"11":2,"12":2,"13":2,"14":2,"15":27,"16":27,"17":27,"18":27,"19":27,"20":27,"21":27,"22":27,"23":27,"24":27,"25":27,"26":27,"27":0,"28":27,"29":2,"30":0,"31":0,"32":0,"33":0,"34":2},"f":{"0":27,"1":0,"2":0,"3":0},"b":{"0":[2,0],"1":[0,2]},"_coverageSchema":"1a1c01bbd47fc00a2c39e90264f33305004495a9","hash":"400137a9b6f10ea7e8b8b6c0a44678448d340281"}
,"F:\\Otus\\otus-ai-project\\backend\\src\\__tests__\\helpers\\createTestDb.js": {"path":"F:\\Otus\\otus-ai-project\\backend\\src\\__tests__\\helpers\\createTestDb.js","statementMap":{"0":{"start":{"line":4,"column":27},"end":{"line":4,"column":59}},"1":{"start":{"line":15,"column":2},"end":{"line":15,"column":36}},"2":{"start":{"line":18,"column":0},"end":{"line":18,"column":34}}},"fnMap":{"0":{"name":"createTestDb","decl":{"start":{"line":14,"column":15},"end":{"line":14,"column":27}},"loc":{"start":{"line":14,"column":30},"end":{"line":16,"column":1}},"line":14}},"branchMap":{},"s":{"0":2,"1":27,"2":2},"f":{"0":27},"b":{},"_coverageSchema":"1a1c01bbd47fc00a2c39e90264f33305004495a9","hash":"d4f56f308eaeecf3608d1a2e9e2c671209ca0f9b"}
,"F:\\Otus\\otus-ai-project\\backend\\src\\config\\database.js": {"path":"F:\\Otus\\otus-ai-project\\backend\\src\\config\\database.js","statementMap":{"0":{"start":{"line":2,"column":16},"end":{"line":2,"column":34}},"1":{"start":{"line":3,"column":17},"end":{"line":3,"column":34}},"2":{"start":{"line":4,"column":13},"end":{"line":4,"column":28}},"3":{"start":{"line":12,"column":2},"end":{"line":22,"column":5}},"4":{"start":{"line":24,"column":2},"end":{"line":31,"column":5}},"5":{"start":{"line":33,"column":2},"end":{"line":40,"column":5}},"6":{"start":{"line":42,"column":2},"end":{"line":48,"column":5}},"7":{"start":{"line":57,"column":13},"end":{"line":57,"column":63}},"8":{"start":{"line":58,"column":2},"end":{"line":58,"column":24}},"9":{"start":{"line":59,"column":2},"end":{"line":59,"column":12}},"10":{"start":{"line":66,"column":13},"end":{"line":66,"column":80}},"11":{"start":{"line":67,"column":2},"end":{"line":67,"column":45}},"12":{"start":{"line":68,"column":2},"end":{"line":68,"column":12}},"13":{"start":{"line":71,"column":0},"end":{"line":71,"column":69}}},"fnMap":{"0":{"name":"applySchema","decl":{"start":{"line":11,"column":15},"end":{"line":11,"column":26}},"loc":{"start":{"line":11,"column":31},"end":{"line":49,"column":1}},"line":11},"1":{"name":"createDatabase","decl":{"start":{"line":56,"column":15},"end":{"line":56,"column":29}},"loc":{"start":{"line":56,"column":40},"end":{"line":60,"column":1}},"line":56},"2":{"name":"initializeDatabase","decl":{"start":{"line":65,"column":15},"end":{"line":65,"column":33}},"loc":{"start":{"line":65,"column":36},"end":{"line":69,"column":1}},"line":65}},"branchMap":{},"s":{"0":2,"1":2,"2":2,"3":27,"4":27,"5":27,"6":27,"7":27,"8":27,"9":27,"10":0,"11":0,"12":0,"13":2},"f":{"0":27,"1":27,"2":0},"b":{},"_coverageSchema":"1a1c01bbd47fc00a2c39e90264f33305004495a9","hash":"2a27d5703da83d4c27ba752bb36bbc685a3cf0d7"}
,"F:\\Otus\\otus-ai-project\\backend\\src\\config\\swagger.js": {"path":"F:\\Otus\\otus-ai-project\\backend\\src\\config\\swagger.js","statementMap":{"0":{"start":{"line":2,"column":21},"end":{"line":2,"column":45}},"1":{"start":{"line":4,"column":16},"end":{"line":41,"column":1}},"2":{"start":{"line":43,"column":0},"end":{"line":43,"column":39}}},"fnMap":{},"branchMap":{},"s":{"0":2,"1":2,"2":2},"f":{},"b":{},"_coverageSchema":"1a1c01bbd47fc00a2c39e90264f33305004495a9","hash":"7428456cc67584c64792426b9fec08ea29c8afcb"}
,"F:\\Otus\\otus-ai-project\\backend\\src\\middleware\\adminAuth.js": {"path":"F:\\Otus\\otus-ai-project\\backend\\src\\middleware\\adminAuth.js","statementMap":{"0":{"start":{"line":2,"column":12},"end":{"line":2,"column":35}},"1":{"start":{"line":5,"column":16},"end":{"line":5,"column":38}},"2":{"start":{"line":6,"column":2},"end":{"line":8,"column":3}},"3":{"start":{"line":7,"column":4},"end":{"line":7,"column":85}},"4":{"start":{"line":9,"column":2},"end":{"line":14,"column":3}},"5":{"start":{"line":10,"column":4},"end":{"line":10,"column":46}},"6":{"start":{"line":11,"column":4},"end":{"line":11,"column":11}},"7":{"start":{"line":13,"column":4},"end":{"line":13,"column":71}},"8":{"start":{"line":17,"column":0},"end":{"line":17,"column":27}}},"fnMap":{"0":{"name":"adminAuth","decl":{"start":{"line":4,"column":9},"end":{"line":4,"column":18}},"loc":{"start":{"line":4,"column":35},"end":{"line":15,"column":1}},"line":4}},"branchMap":{"0":{"loc":{"start":{"line":6,"column":2},"end":{"line":8,"column":3}},"type":"if","locations":[{"start":{"line":6,"column":2},"end":{"line":8,"column":3}},{"start":{},"end":{}}],"line":6}},"s":{"0":2,"1":0,"2":0,"3":0,"4":0,"5":0,"6":0,"7":0,"8":2},"f":{"0":0},"b":{"0":[0,0]},"_coverageSchema":"1a1c01bbd47fc00a2c39e90264f33305004495a9","hash":"3ccc6a0a0c3a77cfce7da15b975a4d871f80090a"}
,"F:\\Otus\\otus-ai-project\\backend\\src\\middleware\\auth.js": {"path":"F:\\Otus\\otus-ai-project\\backend\\src\\middleware\\auth.js","statementMap":{"0":{"start":{"line":2,"column":12},"end":{"line":2,"column":35}},"1":{"start":{"line":4,"column":23},"end":{"line":19,"column":1}},"2":{"start":{"line":6,"column":16},"end":{"line":6,"column":77}},"3":{"start":{"line":8,"column":2},"end":{"line":10,"column":3}},"4":{"start":{"line":9,"column":4},"end":{"line":9,"column":77}},"5":{"start":{"line":12,"column":2},"end":{"line":18,"column":3}},"6":{"start":{"line":13,"column":20},"end":{"line":13,"column":61}},"7":{"start":{"line":14,"column":4},"end":{"line":14,"column":32}},"8":{"start":{"line":15,"column":4},"end":{"line":15,"column":11}},"9":{"start":{"line":17,"column":4},"end":{"line":17,"column":72}},"10":{"start":{"line":21,"column":0},"end":{"line":21,"column":32}}},"fnMap":{"0":{"name":"(anonymous_0)","decl":{"start":{"line":4,"column":23},"end":{"line":4,"column":24}},"loc":{"start":{"line":4,"column":43},"end":{"line":19,"column":1}},"line":4}},"branchMap":{"0":{"loc":{"start":{"line":6,"column":16},"end":{"line":6,"column":77}},"type":"binary-expr","locations":[{"start":{"line":6,"column":16},"end":{"line":6,"column":33}},{"start":{"line":6,"column":37},"end":{"line":6,"column":77}}],"line":6},"1":{"loc":{"start":{"line":8,"column":2},"end":{"line":10,"column":3}},"type":"if","locations":[{"start":{"line":8,"column":2},"end":{"line":10,"column":3}},{"start":{},"end":{}}],"line":8}},"s":{"0":4,"1":4,"2":24,"3":24,"4":5,"5":19,"6":19,"7":15,"8":15,"9":4,"10":4},"f":{"0":24},"b":{"0":[24,6],"1":[5,19]},"_coverageSchema":"1a1c01bbd47fc00a2c39e90264f33305004495a9","hash":"642c30ebc070e2f0c0379677dba3e87925f65e28"}
,"F:\\Otus\\otus-ai-project\\backend\\src\\models\\PasswordReset.js": {"path":"F:\\Otus\\otus-ai-project\\backend\\src\\models\\PasswordReset.js","statementMap":{"0":{"start":{"line":2,"column":24},"end":{"line":2,"column":41}},"1":{"start":{"line":4,"column":23},"end":{"line":4,"column":37}},"2":{"start":{"line":5,"column":23},"end":{"line":5,"column":37}},"3":{"start":{"line":8,"column":2},"end":{"line":8,"column":41}},"4":{"start":{"line":16,"column":2},"end":{"line":63,"column":4}},"5":{"start":{"line":20,"column":20},"end":{"line":20,"column":35}},"6":{"start":{"line":21,"column":24},"end":{"line":21,"column":73}},"7":{"start":{"line":22,"column":6},"end":{"line":22,"column":84}},"8":{"start":{"line":23,"column":6},"end":{"line":26,"column":8}},"9":{"start":{"line":27,"column":6},"end":{"line":27,"column":19}},"10":{"start":{"line":31,"column":21},"end":{"line":34,"column":7}},"11":{"start":{"line":35,"column":6},"end":{"line":35,"column":31}},"12":{"start":{"line":35,"column":19},"end":{"line":35,"column":31}},"13":{"start":{"line":36,"column":6},"end":{"line":39,"column":7}},"14":{"start":{"line":37,"column":8},"end":{"line":37,"column":83}},"15":{"start":{"line":38,"column":8},"end":{"line":38,"column":20}},"16":{"start":{"line":40,"column":6},"end":{"line":40,"column":20}},"17":{"start":{"line":44,"column":6},"end":{"line":44,"column":81}},"18":{"start":{"line":48,"column":20},"end":{"line":48,"column":71}},"19":{"start":{"line":49,"column":18},"end":{"line":52,"column":7}},"20":{"start":{"line":53,"column":6},"end":{"line":53,"column":21}},"21":{"start":{"line":57,"column":18},"end":{"line":57,"column":42}},"22":{"start":{"line":58,"column":6},"end":{"line":61,"column":8}},"23":{"start":{"line":66,"column":0},"end":{"line":66,"column":46}}},"fnMap":{"0":{"name":"generateToken","decl":{"start":{"line":7,"column":9},"end":{"line":7,"column":22}},"loc":{"start":{"line":7,"column":25},"end":{"line":9,"column":1}},"line":7},"1":{"name":"createPasswordResetModel","decl":{"start":{"line":15,"column":9},"end":{"line":15,"column":33}},"loc":{"start":{"line":15,"column":38},"end":{"line":64,"column":1}},"line":15},"2":{"name":"(anonymous_2)","decl":{"start":{"line":19,"column":4},"end":{"line":19,"column":5}},"loc":{"start":{"line":19,"column":35},"end":{"line":28,"column":5}},"line":19},"3":{"name":"(anonymous_3)","decl":{"start":{"line":30,"column":4},"end":{"line":30,"column":5}},"loc":{"start":{"line":30,"column":32},"end":{"line":41,"column":5}},"line":30},"4":{"name":"(anonymous_4)","decl":{"start":{"line":43,"column":4},"end":{"line":43,"column":5}},"loc":{"start":{"line":43,"column":34},"end":{"line":45,"column":5}},"line":43},"5":{"name":"(anonymous_5)","decl":{"start":{"line":47,"column":4},"end":{"line":47,"column":5}},"loc":{"start":{"line":47,"column":37},"end":{"line":54,"column":5}},"line":47},"6":{"name":"(anonymous_6)","decl":{"start":{"line":56,"column":4},"end":{"line":56,"column":5}},"loc":{"start":{"line":56,"column":31},"end":{"line":62,"column":5}},"line":56}},"branchMap":{"0":{"loc":{"start":{"line":35,"column":6},"end":{"line":35,"column":31}},"type":"if","locations":[{"start":{"line":35,"column":6},"end":{"line":35,"column":31}},{"start":{},"end":{}}],"line":35},"1":{"loc":{"start":{"line":36,"column":6},"end":{"line":39,"column":7}},"type":"if","locations":[{"start":{"line":36,"column":6},"end":{"line":39,"column":7}},{"start":{},"end":{}}],"line":36}},"s":{"0":2,"1":2,"2":2,"3":5,"4":27,"5":5,"6":5,"7":5,"8":5,"9":5,"10":3,"11":3,"12":1,"13":2,"14":0,"15":0,"16":2,"17":2,"18":7,"19":7,"20":7,"21":6,"22":6,"23":2},"f":{"0":5,"1":27,"2":5,"3":3,"4":2,"5":7,"6":6},"b":{"0":[1,2],"1":[0,2]},"_coverageSchema":"1a1c01bbd47fc00a2c39e90264f33305004495a9","hash":"c6c13d5db20ce6acb06187210648aadce70c3a1a"}
,"F:\\Otus\\otus-ai-project\\backend\\src\\models\\RefreshToken.js": {"path":"F:\\Otus\\otus-ai-project\\backend\\src\\models\\RefreshToken.js","statementMap":{"0":{"start":{"line":2,"column":23},"end":{"line":2,"column":40}},"1":{"start":{"line":4,"column":17},"end":{"line":4,"column":18}},"2":{"start":{"line":11,"column":2},"end":{"line":33,"column":4}},"3":{"start":{"line":13,"column":20},"end":{"line":13,"column":32}},"4":{"start":{"line":14,"column":24},"end":{"line":14,"column":91}},"5":{"start":{"line":15,"column":6},"end":{"line":18,"column":8}},"6":{"start":{"line":19,"column":6},"end":{"line":19,"column":19}},"7":{"start":{"line":23,"column":6},"end":{"line":23,"column":77}},"8":{"start":{"line":27,"column":6},"end":{"line":27,"column":74}},"9":{"start":{"line":31,"column":6},"end":{"line":31,"column":77}},"10":{"start":{"line":36,"column":0},"end":{"line":36,"column":45}}},"fnMap":{"0":{"name":"createRefreshTokenModel","decl":{"start":{"line":10,"column":9},"end":{"line":10,"column":32}},"loc":{"start":{"line":10,"column":37},"end":{"line":34,"column":1}},"line":10},"1":{"name":"(anonymous_1)","decl":{"start":{"line":12,"column":4},"end":{"line":12,"column":5}},"loc":{"start":{"line":12,"column":37},"end":{"line":20,"column":5}},"line":12},"2":{"name":"(anonymous_2)","decl":{"start":{"line":22,"column":4},"end":{"line":22,"column":5}},"loc":{"start":{"line":22,"column":34},"end":{"line":24,"column":5}},"line":22},"3":{"name":"(anonymous_3)","decl":{"start":{"line":26,"column":4},"end":{"line":26,"column":5}},"loc":{"start":{"line":26,"column":36},"end":{"line":28,"column":5}},"line":26},"4":{"name":"(anonymous_4)","decl":{"start":{"line":30,"column":4},"end":{"line":30,"column":5}},"loc":{"start":{"line":30,"column":35},"end":{"line":32,"column":5}},"line":30}},"branchMap":{},"s":{"0":2,"1":2,"2":27,"3":12,"4":12,"5":12,"6":12,"7":3,"8":3,"9":2,"10":2},"f":{"0":27,"1":12,"2":3,"3":3,"4":2},"b":{},"_coverageSchema":"1a1c01bbd47fc00a2c39e90264f33305004495a9","hash":"95c62966b394baf9b63daa19f749fc670278701b"}
,"F:\\Otus\\otus-ai-project\\backend\\src\\models\\User.js": {"path":"F:\\Otus\\otus-ai-project\\backend\\src\\models\\User.js","statementMap":{"0":{"start":{"line":2,"column":15},"end":{"line":2,"column":34}},"1":{"start":{"line":3,"column":23},"end":{"line":3,"column":40}},"2":{"start":{"line":13,"column":2},"end":{"line":96,"column":4}},"3":{"start":{"line":15,"column":17},"end":{"line":15,"column":29}},"4":{"start":{"line":16,"column":32},"end":{"line":16,"column":44}},"5":{"start":{"line":17,"column":29},"end":{"line":17,"column":60}},"6":{"start":{"line":18,"column":6},"end":{"line":21,"column":8}},"7":{"start":{"line":22,"column":6},"end":{"line":22,"column":56}},"8":{"start":{"line":26,"column":6},"end":{"line":26,"column":68}},"9":{"start":{"line":30,"column":6},"end":{"line":33,"column":8}},"10":{"start":{"line":37,"column":6},"end":{"line":37,"column":53}},"11":{"start":{"line":41,"column":6},"end":{"line":41,"column":81}},"12":{"start":{"line":45,"column":6},"end":{"line":48,"column":8}},"13":{"start":{"line":52,"column":21},"end":{"line":52,"column":57}},"14":{"start":{"line":53,"column":6},"end":{"line":53,"column":79}},"15":{"start":{"line":57,"column":6},"end":{"line":57,"column":81}},"16":{"start":{"line":63,"column":6},"end":{"line":65,"column":8}},"17":{"start":{"line":69,"column":17},"end":{"line":69,"column":29}},"18":{"start":{"line":70,"column":29},"end":{"line":70,"column":60}},"19":{"start":{"line":71,"column":6},"end":{"line":74,"column":8}},"20":{"start":{"line":75,"column":6},"end":{"line":75,"column":37}},"21":{"start":{"line":79,"column":6},"end":{"line":90,"column":7}},"22":{"start":{"line":80,"column":31},"end":{"line":80,"column":62}},"23":{"start":{"line":81,"column":8},"end":{"line":84,"column":10}},"24":{"start":{"line":86,"column":8},"end":{"line":89,"column":10}},"25":{"start":{"line":94,"column":6},"end":{"line":94,"column":59}},"26":{"start":{"line":99,"column":0},"end":{"line":99,"column":37}}},"fnMap":{"0":{"name":"createUserModel","decl":{"start":{"line":12,"column":9},"end":{"line":12,"column":24}},"loc":{"start":{"line":12,"column":29},"end":{"line":97,"column":1}},"line":12},"1":{"name":"(anonymous_1)","decl":{"start":{"line":14,"column":4},"end":{"line":14,"column":5}},"loc":{"start":{"line":14,"column":52},"end":{"line":23,"column":5}},"line":14},"2":{"name":"(anonymous_2)","decl":{"start":{"line":25,"column":4},"end":{"line":25,"column":5}},"loc":{"start":{"line":25,"column":33},"end":{"line":27,"column":5}},"line":25},"3":{"name":"(anonymous_3)","decl":{"start":{"line":29,"column":4},"end":{"line":29,"column":5}},"loc":{"start":{"line":29,"column":27},"end":{"line":34,"column":5}},"line":29},"4":{"name":"(anonymous_4)","decl":{"start":{"line":36,"column":4},"end":{"line":36,"column":5}},"loc":{"start":{"line":36,"column":41},"end":{"line":38,"column":5}},"line":36},"5":{"name":"(anonymous_5)","decl":{"start":{"line":40,"column":4},"end":{"line":40,"column":5}},"loc":{"start":{"line":40,"column":45},"end":{"line":42,"column":5}},"line":40},"6":{"name":"(anonymous_6)","decl":{"start":{"line":44,"column":4},"end":{"line":44,"column":5}},"loc":{"start":{"line":44,"column":32},"end":{"line":49,"column":5}},"line":44},"7":{"name":"(anonymous_7)","decl":{"start":{"line":51,"column":4},"end":{"line":51,"column":5}},"loc":{"start":{"line":51,"column":44},"end":{"line":54,"column":5}},"line":51},"8":{"name":"(anonymous_8)","decl":{"start":{"line":56,"column":4},"end":{"line":56,"column":5}},"loc":{"start":{"line":56,"column":39},"end":{"line":58,"column":5}},"line":56},"9":{"name":"(anonymous_9)","decl":{"start":{"line":62,"column":4},"end":{"line":62,"column":5}},"loc":{"start":{"line":62,"column":24},"end":{"line":66,"column":5}},"line":62},"10":{"name":"(anonymous_10)","decl":{"start":{"line":68,"column":4},"end":{"line":68,"column":5}},"loc":{"start":{"line":68,"column":57},"end":{"line":76,"column":5}},"line":68},"11":{"name":"(anonymous_11)","decl":{"start":{"line":78,"column":4},"end":{"line":78,"column":5}},"loc":{"start":{"line":78,"column":61},"end":{"line":91,"column":5}},"line":78},"12":{"name":"(anonymous_12)","decl":{"start":{"line":93,"column":4},"end":{"line":93,"column":5}},"loc":{"start":{"line":93,"column":30},"end":{"line":95,"column":5}},"line":93}},"branchMap":{"0":{"loc":{"start":{"line":79,"column":6},"end":{"line":90,"column":7}},"type":"if","locations":[{"start":{"line":79,"column":6},"end":{"line":90,"column":7}},{"start":{"line":85,"column":13},"end":{"line":90,"column":7}}],"line":79}},"s":{"0":2,"1":2,"2":27,"3":19,"4":19,"5":19,"6":19,"7":18,"8":20,"9":8,"10":13,"11":17,"12":15,"13":2,"14":2,"15":1,"16":0,"17":0,"18":0,"19":0,"20":0,"21":0,"22":0,"23":0,"24":0,"25":0,"26":2},"f":{"0":27,"1":19,"2":20,"3":8,"4":13,"5":17,"6":15,"7":2,"8":1,"9":0,"10":0,"11":0,"12":0},"b":{"0":[0,0]},"_coverageSchema":"1a1c01bbd47fc00a2c39e90264f33305004495a9","hash":"10715e4b8777f7a797f9c0a8525b88bfbe0c50c5"}
,"F:\\Otus\\otus-ai-project\\backend\\src\\routes\\admin.js": {"path":"F:\\Otus\\otus-ai-project\\backend\\src\\routes\\admin.js","statementMap":{"0":{"start":{"line":2,"column":16},"end":{"line":2,"column":34}},"1":{"start":{"line":3,"column":12},"end":{"line":3,"column":35}},"2":{"start":{"line":4,"column":18},"end":{"line":4,"column":52}},"3":{"start":{"line":6,"column":20},"end":{"line":11,"column":1}},"4":{"start":{"line":17,"column":17},"end":{"line":17,"column":33}},"5":{"start":{"line":20,"column":2},"end":{"line":33,"column":5}},"6":{"start":{"line":21,"column":32},"end":{"line":21,"column":46}},"7":{"start":{"line":22,"column":4},"end":{"line":29,"column":5}},"8":{"start":{"line":28,"column":6},"end":{"line":28,"column":76}},"9":{"start":{"line":30,"column":18},"end":{"line":30,"column":90}},"10":{"start":{"line":31,"column":4},"end":{"line":31,"column":49}},"11":{"start":{"line":32,"column":4},"end":{"line":32,"column":43}},"12":{"start":{"line":36,"column":2},"end":{"line":39,"column":5}},"13":{"start":{"line":37,"column":4},"end":{"line":37,"column":34}},"14":{"start":{"line":38,"column":4},"end":{"line":38,"column":44}},"15":{"start":{"line":42,"column":2},"end":{"line":44,"column":5}},"16":{"start":{"line":43,"column":4},"end":{"line":43,"column":27}},"17":{"start":{"line":47,"column":2},"end":{"line":55,"column":5}},"18":{"start":{"line":48,"column":4},"end":{"line":54,"column":5}},"19":{"start":{"line":49,"column":20},"end":{"line":49,"column":49}},"20":{"start":{"line":50,"column":6},"end":{"line":50,"column":26}},"21":{"start":{"line":52,"column":6},"end":{"line":52,"column":25}},"22":{"start":{"line":53,"column":6},"end":{"line":53,"column":58}},"23":{"start":{"line":58,"column":2},"end":{"line":73,"column":5}},"24":{"start":{"line":59,"column":42},"end":{"line":59,"column":56}},"25":{"start":{"line":60,"column":4},"end":{"line":62,"column":5}},"26":{"start":{"line":61,"column":6},"end":{"line":61,"column":89}},"27":{"start":{"line":63,"column":4},"end":{"line":72,"column":5}},"28":{"start":{"line":64,"column":19},"end":{"line":64,"column":81}},"29":{"start":{"line":65,"column":6},"end":{"line":65,"column":37}},"30":{"start":{"line":67,"column":6},"end":{"line":69,"column":7}},"31":{"start":{"line":68,"column":8},"end":{"line":68,"column":105}},"32":{"start":{"line":70,"column":6},"end":{"line":70,"column":25}},"33":{"start":{"line":71,"column":6},"end":{"line":71,"column":58}},"34":{"start":{"line":76,"column":2},"end":{"line":91,"column":5}},"35":{"start":{"line":77,"column":42},"end":{"line":77,"column":56}},"36":{"start":{"line":78,"column":4},"end":{"line":80,"column":5}},"37":{"start":{"line":79,"column":6},"end":{"line":79,"column":79}},"38":{"start":{"line":81,"column":4},"end":{"line":90,"column":5}},"39":{"start":{"line":82,"column":6},"end":{"line":82,"column":84}},"40":{"start":{"line":83,"column":6},"end":{"line":83,"column":53}},"41":{"start":{"line":85,"column":6},"end":{"line":87,"column":7}},"42":{"start":{"line":86,"column":8},"end":{"line":86,"column":77}},"43":{"start":{"line":88,"column":6},"end":{"line":88,"column":25}},"44":{"start":{"line":89,"column":6},"end":{"line":89,"column":58}},"45":{"start":{"line":94,"column":2},"end":{"line":102,"column":5}},"46":{"start":{"line":95,"column":4},"end":{"line":101,"column":5}},"47":{"start":{"line":96,"column":6},"end":{"line":96,"column":53}},"48":{"start":{"line":97,"column":6},"end":{"line":97,"column":51}},"49":{"start":{"line":99,"column":6},"end":{"line":99,"column":25}},"50":{"start":{"line":100,"column":6},"end":{"line":100,"column":58}},"51":{"start":{"line":104,"column":2},"end":{"line":104,"column":16}},"52":{"start":{"line":107,"column":0},"end":{"line":107,"column":39}}},"fnMap":{"0":{"name":"createAdminRouter","decl":{"start":{"line":16,"column":9},"end":{"line":16,"column":26}},"loc":{"start":{"line":16,"column":42},"end":{"line":105,"column":1}},"line":16},"1":{"name":"(anonymous_1)","decl":{"start":{"line":20,"column":24},"end":{"line":20,"column":25}},"loc":{"start":{"line":20,"column":38},"end":{"line":33,"column":3}},"line":20},"2":{"name":"(anonymous_2)","decl":{"start":{"line":36,"column":25},"end":{"line":36,"column":26}},"loc":{"start":{"line":36,"column":40},"end":{"line":39,"column":3}},"line":36},"3":{"name":"(anonymous_3)","decl":{"start":{"line":42,"column":31},"end":{"line":42,"column":32}},"loc":{"start":{"line":42,"column":46},"end":{"line":44,"column":3}},"line":42},"4":{"name":"(anonymous_4)","decl":{"start":{"line":47,"column":34},"end":{"line":47,"column":35}},"loc":{"start":{"line":47,"column":55},"end":{"line":55,"column":3}},"line":47},"5":{"name":"(anonymous_5)","decl":{"start":{"line":58,"column":35},"end":{"line":58,"column":36}},"loc":{"start":{"line":58,"column":55},"end":{"line":73,"column":3}},"line":58},"6":{"name":"(anonymous_6)","decl":{"start":{"line":76,"column":38},"end":{"line":76,"column":39}},"loc":{"start":{"line":76,"column":58},"end":{"line":91,"column":3}},"line":76},"7":{"name":"(anonymous_7)","decl":{"start":{"line":94,"column":41},"end":{"line":94,"column":42}},"loc":{"start":{"line":94,"column":61},"end":{"line":102,"column":3}},"line":94}},"branchMap":{"0":{"loc":{"start":{"line":21,"column":32},"end":{"line":21,"column":46}},"type":"binary-expr","locations":[{"start":{"line":21,"column":32},"end":{"line":21,"column":40}},{"start":{"line":21,"column":44},"end":{"line":21,"column":46}}],"line":21},"1":{"loc":{"start":{"line":22,"column":4},"end":{"line":29,"column":5}},"type":"if","locations":[{"start":{"line":22,"column":4},"end":{"line":29,"column":5}},{"start":{},"end":{}}],"line":22},"2":{"loc":{"start":{"line":23,"column":6},"end":{"line":26,"column":45}},"type":"binary-expr","locations":[{"start":{"line":23,"column":6},"end":{"line":23,"column":31}},{"start":{"line":24,"column":6},"end":{"line":24,"column":34}},{"start":{"line":25,"column":6},"end":{"line":25,"column":39}},{"start":{"line":26,"column":6},"end":{"line":26,"column":45}}],"line":23},"3":{"loc":{"start":{"line":59,"column":42},"end":{"line":59,"column":56}},"type":"binary-expr","locations":[{"start":{"line":59,"column":42},"end":{"line":59,"column":50}},{"start":{"line":59,"column":54},"end":{"line":59,"column":56}}],"line":59},"4":{"loc":{"start":{"line":60,"column":4},"end":{"line":62,"column":5}},"type":"if","locations":[{"start":{"line":60,"column":4},"end":{"line":62,"column":5}},{"start":{},"end":{}}],"line":60},"5":{"loc":{"start":{"line":60,"column":8},"end":{"line":60,"column":40}},"type":"binary-expr","locations":[{"start":{"line":60,"column":8},"end":{"line":60,"column":17}},{"start":{"line":60,"column":21},"end":{"line":60,"column":27}},{"start":{"line":60,"column":31},"end":{"line":60,"column":40}}],"line":60},"6":{"loc":{"start":{"line":67,"column":6},"end":{"line":69,"column":7}},"type":"if","locations":[{"start":{"line":67,"column":6},"end":{"line":69,"column":7}},{"start":{},"end":{}}],"line":67},"7":{"loc":{"start":{"line":77,"column":42},"end":{"line":77,"column":56}},"type":"binary-expr","locations":[{"start":{"line":77,"column":42},"end":{"line":77,"column":50}},{"start":{"line":77,"column":54},"end":{"line":77,"column":56}}],"line":77},"8":{"loc":{"start":{"line":78,"column":4},"end":{"line":80,"column":5}},"type":"if","locations":[{"start":{"line":78,"column":4},"end":{"line":80,"column":5}},{"start":{},"end":{}}],"line":78},"9":{"loc":{"start":{"line":78,"column":8},"end":{"line":78,"column":27}},"type":"binary-expr","locations":[{"start":{"line":78,"column":8},"end":{"line":78,"column":17}},{"start":{"line":78,"column":21},"end":{"line":78,"column":27}}],"line":78},"10":{"loc":{"start":{"line":85,"column":6},"end":{"line":87,"column":7}},"type":"if","locations":[{"start":{"line":85,"column":6},"end":{"line":87,"column":7}},{"start":{},"end":{}}],"line":85}},"s":{"0":2,"1":2,"2":2,"3":2,"4":27,"5":27,"6":0,"7":0,"8":0,"9":0,"10":0,"11":0,"12":27,"13":0,"14":0,"15":27,"16":0,"17":27,"18":0,"19":0,"20":0,"21":0,"22":0,"23":27,"24":0,"25":0,"26":0,"27":0,"28":0,"29":0,"30":0,"31":0,"32":0,"33":0,"34":27,"35":0,"36":0,"37":0,"38":0,"39":0,"40":0,"41":0,"42":0,"43":0,"44":0,"45":27,"46":0,"47":0,"48":0,"49":0,"50":0,"51":27,"52":2},"f":{"0":27,"1":0,"2":0,"3":0,"4":0,"5":0,"6":0,"7":0},"b":{"0":[0,0],"1":[0,0],"2":[0,0,0,0],"3":[0,0],"4":[0,0],"5":[0,0,0],"6":[0,0],"7":[0,0],"8":[0,0],"9":[0,0],"10":[0,0]},"_coverageSchema":"1a1c01bbd47fc00a2c39e90264f33305004495a9","hash":"426277502e2fe3d4e31530877a3a00fa6cb72b48"}
,"F:\\Otus\\otus-ai-project\\backend\\src\\routes\\auth.js": {"path":"F:\\Otus\\otus-ai-project\\backend\\src\\routes\\auth.js","statementMap":{"0":{"start":{"line":2,"column":16},"end":{"line":2,"column":34}},"1":{"start":{"line":3,"column":12},"end":{"line":3,"column":35}},"2":{"start":{"line":4,"column":62},"end":{"line":4,"column":90}},"3":{"start":{"line":6,"column":30},"end":{"line":6,"column":35}},"4":{"start":{"line":7,"column":31},"end":{"line":7,"column":54}},"5":{"start":{"line":10,"column":2},"end":{"line":15,"column":5}},"6":{"start":{"line":16,"column":2},"end":{"line":21,"column":5}},"7":{"start":{"line":31,"column":17},"end":{"line":31,"column":33}},"8":{"start":{"line":64,"column":2},"end":{"line":78,"column":5}},"9":{"start":{"line":65,"column":42},"end":{"line":65,"column":50}},"10":{"start":{"line":66,"column":28},"end":{"line":66,"column":66}},"11":{"start":{"line":67,"column":4},"end":{"line":77,"column":5}},"12":{"start":{"line":68,"column":19},"end":{"line":68,"column":93}},"13":{"start":{"line":69,"column":6},"end":{"line":69,"column":72}},"14":{"start":{"line":70,"column":6},"end":{"line":70,"column":106}},"15":{"start":{"line":72,"column":6},"end":{"line":74,"column":7}},"16":{"start":{"line":73,"column":8},"end":{"line":73,"column":105}},"17":{"start":{"line":75,"column":6},"end":{"line":75,"column":27}},"18":{"start":{"line":76,"column":6},"end":{"line":76,"column":58}},"19":{"start":{"line":95,"column":2},"end":{"line":107,"column":5}},"20":{"start":{"line":96,"column":22},"end":{"line":96,"column":31}},"21":{"start":{"line":97,"column":4},"end":{"line":97,"column":76}},"22":{"start":{"line":97,"column":16},"end":{"line":97,"column":76}},"23":{"start":{"line":98,"column":4},"end":{"line":106,"column":5}},"24":{"start":{"line":99,"column":19},"end":{"line":99,"column":69}},"25":{"start":{"line":100,"column":6},"end":{"line":100,"column":107}},"26":{"start":{"line":100,"column":17},"end":{"line":100,"column":107}},"27":{"start":{"line":101,"column":6},"end":{"line":101,"column":49}},"28":{"start":{"line":102,"column":6},"end":{"line":102,"column":74}},"29":{"start":{"line":104,"column":6},"end":{"line":104,"column":27}},"30":{"start":{"line":105,"column":6},"end":{"line":105,"column":58}},"31":{"start":{"line":130,"column":2},"end":{"line":157,"column":5}},"32":{"start":{"line":131,"column":32},"end":{"line":131,"column":40}},"33":{"start":{"line":132,"column":4},"end":{"line":156,"column":5}},"34":{"start":{"line":133,"column":19},"end":{"line":133,"column":57}},"35":{"start":{"line":134,"column":6},"end":{"line":134,"column":87}},"36":{"start":{"line":134,"column":17},"end":{"line":134,"column":87}},"37":{"start":{"line":136,"column":22},"end":{"line":136,"column":68}},"38":{"start":{"line":137,"column":6},"end":{"line":137,"column":90}},"39":{"start":{"line":137,"column":20},"end":{"line":137,"column":90}},"40":{"start":{"line":139,"column":6},"end":{"line":139,"column":107}},"41":{"start":{"line":139,"column":32},"end":{"line":139,"column":107}},"42":{"start":{"line":141,"column":26},"end":{"line":145,"column":7}},"43":{"start":{"line":146,"column":27},"end":{"line":146,"column":78}},"44":{"start":{"line":147,"column":6},"end":{"line":147,"column":54}},"45":{"start":{"line":149,"column":6},"end":{"line":152,"column":9}},"46":{"start":{"line":154,"column":6},"end":{"line":154,"column":27}},"47":{"start":{"line":155,"column":6},"end":{"line":155,"column":58}},"48":{"start":{"line":169,"column":2},"end":{"line":193,"column":5}},"49":{"start":{"line":170,"column":29},"end":{"line":170,"column":40}},"50":{"start":{"line":171,"column":4},"end":{"line":171,"column":86}},"51":{"start":{"line":171,"column":23},"end":{"line":171,"column":86}},"52":{"start":{"line":173,"column":4},"end":{"line":192,"column":5}},"53":{"start":{"line":174,"column":21},"end":{"line":174,"column":75}},"54":{"start":{"line":175,"column":6},"end":{"line":177,"column":7}},"55":{"start":{"line":176,"column":8},"end":{"line":176,"column":91}},"56":{"start":{"line":179,"column":6},"end":{"line":179,"column":63}},"57":{"start":{"line":180,"column":30},"end":{"line":180,"column":88}},"58":{"start":{"line":182,"column":26},"end":{"line":186,"column":7}},"59":{"start":{"line":187,"column":6},"end":{"line":187,"column":57}},"60":{"start":{"line":188,"column":6},"end":{"line":188,"column":46}},"61":{"start":{"line":190,"column":6},"end":{"line":190,"column":27}},"62":{"start":{"line":191,"column":6},"end":{"line":191,"column":58}},"63":{"start":{"line":204,"column":2},"end":{"line":212,"column":5}},"64":{"start":{"line":205,"column":29},"end":{"line":205,"column":40}},"65":{"start":{"line":206,"column":4},"end":{"line":208,"column":5}},"66":{"start":{"line":207,"column":6},"end":{"line":207,"column":79}},"67":{"start":{"line":209,"column":4},"end":{"line":209,"column":29}},"68":{"start":{"line":210,"column":4},"end":{"line":210,"column":36}},"69":{"start":{"line":211,"column":4},"end":{"line":211,"column":44}},"70":{"start":{"line":225,"column":2},"end":{"line":247,"column":5}},"71":{"start":{"line":226,"column":24},"end":{"line":226,"column":104}},"72":{"start":{"line":227,"column":18},"end":{"line":227,"column":98}},"73":{"start":{"line":228,"column":4},"end":{"line":228,"column":58}},"74":{"start":{"line":228,"column":16},"end":{"line":228,"column":58}},"75":{"start":{"line":230,"column":4},"end":{"line":246,"column":5}},"76":{"start":{"line":231,"column":23},"end":{"line":231,"column":74}},"77":{"start":{"line":232,"column":6},"end":{"line":234,"column":7}},"78":{"start":{"line":233,"column":8},"end":{"line":233,"column":98}},"79":{"start":{"line":235,"column":6},"end":{"line":235,"column":52}},"80":{"start":{"line":237,"column":19},"end":{"line":237,"column":57}},"81":{"start":{"line":238,"column":6},"end":{"line":241,"column":7}},"82":{"start":{"line":239,"column":22},"end":{"line":239,"column":72}},"83":{"start":{"line":240,"column":8},"end":{"line":240,"column":58}},"84":{"start":{"line":242,"column":6},"end":{"line":242,"column":41}},"85":{"start":{"line":244,"column":6},"end":{"line":244,"column":25}},"86":{"start":{"line":245,"column":6},"end":{"line":245,"column":41}},"87":{"start":{"line":259,"column":2},"end":{"line":286,"column":5}},"88":{"start":{"line":260,"column":32},"end":{"line":260,"column":46}},"89":{"start":{"line":262,"column":4},"end":{"line":264,"column":5}},"90":{"start":{"line":263,"column":6},"end":{"line":263,"column":90}},"91":{"start":{"line":265,"column":27},"end":{"line":265,"column":53}},"92":{"start":{"line":266,"column":4},"end":{"line":268,"column":5}},"93":{"start":{"line":267,"column":6},"end":{"line":267,"column":104}},"94":{"start":{"line":270,"column":4},"end":{"line":285,"column":5}},"95":{"start":{"line":271,"column":21},"end":{"line":271,"column":67}},"96":{"start":{"line":272,"column":6},"end":{"line":272,"column":113}},"97":{"start":{"line":272,"column":19},"end":{"line":272,"column":113}},"98":{"start":{"line":274,"column":6},"end":{"line":274,"column":63}},"99":{"start":{"line":275,"column":6},"end":{"line":275,"column":55}},"100":{"start":{"line":276,"column":6},"end":{"line":276,"column":63}},"101":{"start":{"line":278,"column":19},"end":{"line":278,"column":63}},"102":{"start":{"line":279,"column":6},"end":{"line":279,"column":66}},"103":{"start":{"line":279,"column":16},"end":{"line":279,"column":66}},"104":{"start":{"line":281,"column":6},"end":{"line":281,"column":80}},"105":{"start":{"line":283,"column":6},"end":{"line":283,"column":25}},"106":{"start":{"line":284,"column":6},"end":{"line":284,"column":58}},"107":{"start":{"line":288,"column":2},"end":{"line":288,"column":16}},"108":{"start":{"line":291,"column":0},"end":{"line":291,"column":38}}},"fnMap":{"0":{"name":"setTokenCookies","decl":{"start":{"line":9,"column":9},"end":{"line":9,"column":24}},"loc":{"start":{"line":9,"column":57},"end":{"line":22,"column":1}},"line":9},"1":{"name":"createAuthRouter","decl":{"start":{"line":30,"column":9},"end":{"line":30,"column":25}},"loc":{"start":{"line":30,"column":88},"end":{"line":289,"column":1}},"line":30},"2":{"name":"(anonymous_2)","decl":{"start":{"line":64,"column":45},"end":{"line":64,"column":46}},"loc":{"start":{"line":64,"column":65},"end":{"line":78,"column":3}},"line":64},"3":{"name":"(anonymous_3)","decl":{"start":{"line":95,"column":30},"end":{"line":95,"column":31}},"loc":{"start":{"line":95,"column":50},"end":{"line":107,"column":3}},"line":95},"4":{"name":"(anonymous_4)","decl":{"start":{"line":130,"column":39},"end":{"line":130,"column":40}},"loc":{"start":{"line":130,"column":59},"end":{"line":157,"column":3}},"line":130},"5":{"name":"(anonymous_5)","decl":{"start":{"line":169,"column":26},"end":{"line":169,"column":27}},"loc":{"start":{"line":169,"column":46},"end":{"line":193,"column":3}},"line":169},"6":{"name":"(anonymous_6)","decl":{"start":{"line":204,"column":25},"end":{"line":204,"column":26}},"loc":{"start":{"line":204,"column":45},"end":{"line":212,"column":3}},"line":204},"7":{"name":"(anonymous_7)","decl":{"start":{"line":207,"column":69},"end":{"line":207,"column":70}},"loc":{"start":{"line":207,"column":75},"end":{"line":207,"column":77}},"line":207},"8":{"name":"(anonymous_8)","decl":{"start":{"line":225,"column":34},"end":{"line":225,"column":35}},"loc":{"start":{"line":225,"column":54},"end":{"line":247,"column":3}},"line":225},"9":{"name":"(anonymous_9)","decl":{"start":{"line":259,"column":33},"end":{"line":259,"column":34}},"loc":{"start":{"line":259,"column":53},"end":{"line":286,"column":3}},"line":259}},"branchMap":{"0":{"loc":{"start":{"line":66,"column":28},"end":{"line":66,"column":66}},"type":"binary-expr","locations":[{"start":{"line":66,"column":28},"end":{"line":66,"column":36}},{"start":{"line":66,"column":40},"end":{"line":66,"column":66}}],"line":66},"1":{"loc":{"start":{"line":72,"column":6},"end":{"line":74,"column":7}},"type":"if","locations":[{"start":{"line":72,"column":6},"end":{"line":74,"column":7}},{"start":{},"end":{}}],"line":72},"2":{"loc":{"start":{"line":97,"column":4},"end":{"line":97,"column":76}},"type":"if","locations":[{"start":{"line":97,"column":4},"end":{"line":97,"column":76}},{"start":{},"end":{}}],"line":97},"3":{"loc":{"start":{"line":100,"column":6},"end":{"line":100,"column":107}},"type":"if","locations":[{"start":{"line":100,"column":6},"end":{"line":100,"column":107}},{"start":{},"end":{}}],"line":100},"4":{"loc":{"start":{"line":134,"column":6},"end":{"line":134,"column":87}},"type":"if","locations":[{"start":{"line":134,"column":6},"end":{"line":134,"column":87}},{"start":{},"end":{}}],"line":134},"5":{"loc":{"start":{"line":137,"column":6},"end":{"line":137,"column":90}},"type":"if","locations":[{"start":{"line":137,"column":6},"end":{"line":137,"column":90}},{"start":{},"end":{}}],"line":137},"6":{"loc":{"start":{"line":139,"column":6},"end":{"line":139,"column":107}},"type":"if","locations":[{"start":{"line":139,"column":6},"end":{"line":139,"column":107}},{"start":{},"end":{}}],"line":139},"7":{"loc":{"start":{"line":171,"column":4},"end":{"line":171,"column":86}},"type":"if","locations":[{"start":{"line":171,"column":4},"end":{"line":171,"column":86}},{"start":{},"end":{}}],"line":171},"8":{"loc":{"start":{"line":175,"column":6},"end":{"line":177,"column":7}},"type":"if","locations":[{"start":{"line":175,"column":6},"end":{"line":177,"column":7}},{"start":{},"end":{}}],"line":175},"9":{"loc":{"start":{"line":175,"column":10},"end":{"line":175,"column":61}},"type":"binary-expr","locations":[{"start":{"line":175,"column":10},"end":{"line":175,"column":17}},{"start":{"line":175,"column":21},"end":{"line":175,"column":61}}],"line":175},"10":{"loc":{"start":{"line":206,"column":4},"end":{"line":208,"column":5}},"type":"if","locations":[{"start":{"line":206,"column":4},"end":{"line":208,"column":5}},{"start":{},"end":{}}],"line":206},"11":{"loc":{"start":{"line":227,"column":18},"end":{"line":227,"column":98}},"type":"cond-expr","locations":[{"start":{"line":227,"column":56},"end":{"line":227,"column":91}},{"start":{"line":227,"column":94},"end":{"line":227,"column":98}}],"line":227},"12":{"loc":{"start":{"line":228,"column":4},"end":{"line":228,"column":58}},"type":"if","locations":[{"start":{"line":228,"column":4},"end":{"line":228,"column":58}},{"start":{},"end":{}}],"line":228},"13":{"loc":{"start":{"line":232,"column":6},"end":{"line":234,"column":7}},"type":"if","locations":[{"start":{"line":232,"column":6},"end":{"line":234,"column":7}},{"start":{},"end":{}}],"line":232},"14":{"loc":{"start":{"line":238,"column":6},"end":{"line":241,"column":7}},"type":"if","locations":[{"start":{"line":238,"column":6},"end":{"line":241,"column":7}},{"start":{},"end":{}}],"line":238},"15":{"loc":{"start":{"line":260,"column":32},"end":{"line":260,"column":46}},"type":"binary-expr","locations":[{"start":{"line":260,"column":32},"end":{"line":260,"column":40}},{"start":{"line":260,"column":44},"end":{"line":260,"column":46}}],"line":260},"16":{"loc":{"start":{"line":262,"column":4},"end":{"line":264,"column":5}},"type":"if","locations":[{"start":{"line":262,"column":4},"end":{"line":264,"column":5}},{"start":{},"end":{}}],"line":262},"17":{"loc":{"start":{"line":262,"column":8},"end":{"line":262,"column":43}},"type":"binary-expr","locations":[{"start":{"line":262,"column":8},"end":{"line":262,"column":33}},{"start":{"line":262,"column":37},"end":{"line":262,"column":43}}],"line":262},"18":{"loc":{"start":{"line":266,"column":4},"end":{"line":268,"column":5}},"type":"if","locations":[{"start":{"line":266,"column":4},"end":{"line":268,"column":5}},{"start":{},"end":{}}],"line":266},"19":{"loc":{"start":{"line":272,"column":6},"end":{"line":272,"column":113}},"type":"if","locations":[{"start":{"line":272,"column":6},"end":{"line":272,"column":113}},{"start":{},"end":{}}],"line":272},"20":{"loc":{"start":{"line":279,"column":6},"end":{"line":279,"column":66}},"type":"if","locations":[{"start":{"line":279,"column":6},"end":{"line":279,"column":66}},{"start":{},"end":{}}],"line":279}},"s":{"0":3,"1":3,"2":3,"3":3,"4":3,"5":14,"6":14,"7":50,"8":50,"9":21,"10":21,"11":21,"12":21,"13":19,"14":19,"15":2,"16":2,"17":0,"18":0,"19":50,"20":17,"21":17,"22":0,"23":17,"24":17,"25":17,"26":2,"27":15,"28":15,"29":0,"30":0,"31":50,"32":18,"33":18,"34":18,"35":18,"36":2,"37":16,"38":16,"39":3,"40":13,"41":2,"42":11,"43":11,"44":11,"45":11,"46":0,"47":0,"48":50,"49":8,"50":8,"51":2,"52":6,"53":6,"54":6,"55":3,"56":3,"57":3,"58":3,"59":3,"60":3,"61":0,"62":0,"63":50,"64":3,"65":3,"66":2,"67":3,"68":3,"69":3,"70":50,"71":11,"72":11,"73":11,"74":1,"75":10,"76":10,"77":10,"78":2,"79":8,"80":8,"81":8,"82":6,"83":6,"84":8,"85":0,"86":0,"87":50,"88":8,"89":8,"90":1,"91":7,"92":7,"93":2,"94":5,"95":5,"96":5,"97":2,"98":3,"99":3,"100":3,"101":3,"102":3,"103":3,"104":3,"105":0,"106":0,"107":50,"108":3},"f":{"0":14,"1":50,"2":21,"3":17,"4":18,"5":8,"6":3,"7":0,"8":11,"9":8},"b":{"0":[21,21],"1":[2,0],"2":[0,17],"3":[2,15],"4":[2,16],"5":[3,13],"6":[2,11],"7":[2,6],"8":[3,3],"9":[6,4],"10":[2,1],"11":[11,0],"12":[1,10],"13":[2,8],"14":[6,2],"15":[8,0],"16":[1,7],"17":[8,7],"18":[2,5],"19":[2,3],"20":[3,0]},"_coverageSchema":"1a1c01bbd47fc00a2c39e90264f33305004495a9","hash":"6a083adc4ca082f6d7db32d3ef7def0d8712d7bf"}
,"F:\\Otus\\otus-ai-project\\backend\\src\\routes\\profile.js": {"path":"F:\\Otus\\otus-ai-project\\backend\\src\\routes\\profile.js","statementMap":{"0":{"start":{"line":2,"column":16},"end":{"line":2,"column":34}},"1":{"start":{"line":3,"column":23},"end":{"line":3,"column":52}},"2":{"start":{"line":9,"column":17},"end":{"line":9,"column":33}},"3":{"start":{"line":31,"column":2},"end":{"line":40,"column":5}},"4":{"start":{"line":32,"column":4},"end":{"line":39,"column":5}},"5":{"start":{"line":33,"column":19},"end":{"line":33,"column":59}},"6":{"start":{"line":34,"column":6},"end":{"line":34,"column":84}},"7":{"start":{"line":34,"column":17},"end":{"line":34,"column":84}},"8":{"start":{"line":35,"column":6},"end":{"line":35,"column":25}},"9":{"start":{"line":37,"column":6},"end":{"line":37,"column":27}},"10":{"start":{"line":38,"column":6},"end":{"line":38,"column":58}},"11":{"start":{"line":64,"column":2},"end":{"line":77,"column":5}},"12":{"start":{"line":65,"column":25},"end":{"line":65,"column":33}},"13":{"start":{"line":66,"column":4},"end":{"line":68,"column":5}},"14":{"start":{"line":67,"column":6},"end":{"line":67,"column":75}},"15":{"start":{"line":69,"column":4},"end":{"line":76,"column":5}},"16":{"start":{"line":70,"column":6},"end":{"line":70,"column":66}},"17":{"start":{"line":71,"column":19},"end":{"line":71,"column":59}},"18":{"start":{"line":72,"column":6},"end":{"line":72,"column":51}},"19":{"start":{"line":74,"column":6},"end":{"line":74,"column":27}},"20":{"start":{"line":75,"column":6},"end":{"line":75,"column":58}},"21":{"start":{"line":79,"column":2},"end":{"line":79,"column":16}},"22":{"start":{"line":82,"column":0},"end":{"line":82,"column":41}}},"fnMap":{"0":{"name":"createProfileRouter","decl":{"start":{"line":8,"column":9},"end":{"line":8,"column":28}},"loc":{"start":{"line":8,"column":44},"end":{"line":80,"column":1}},"line":8},"1":{"name":"(anonymous_1)","decl":{"start":{"line":31,"column":36},"end":{"line":31,"column":37}},"loc":{"start":{"line":31,"column":56},"end":{"line":40,"column":3}},"line":31},"2":{"name":"(anonymous_2)","decl":{"start":{"line":64,"column":36},"end":{"line":64,"column":37}},"loc":{"start":{"line":64,"column":56},"end":{"line":77,"column":3}},"line":64}},"branchMap":{"0":{"loc":{"start":{"line":34,"column":6},"end":{"line":34,"column":84}},"type":"if","locations":[{"start":{"line":34,"column":6},"end":{"line":34,"column":84}},{"start":{},"end":{}}],"line":34},"1":{"loc":{"start":{"line":66,"column":4},"end":{"line":68,"column":5}},"type":"if","locations":[{"start":{"line":66,"column":4},"end":{"line":68,"column":5}},{"start":{},"end":{}}],"line":66},"2":{"loc":{"start":{"line":66,"column":8},"end":{"line":66,"column":37}},"type":"binary-expr","locations":[{"start":{"line":66,"column":8},"end":{"line":66,"column":17}},{"start":{"line":66,"column":21},"end":{"line":66,"column":37}}],"line":66}},"s":{"0":3,"1":3,"2":35,"3":35,"4":7,"5":7,"6":7,"7":1,"8":6,"9":0,"10":0,"11":35,"12":6,"13":6,"14":4,"15":2,"16":2,"17":2,"18":2,"19":0,"20":0,"21":35,"22":3},"f":{"0":35,"1":7,"2":6},"b":{"0":[1,6],"1":[4,2],"2":[6,4]},"_coverageSchema":"1a1c01bbd47fc00a2c39e90264f33305004495a9","hash":"72ee2b553295cdd00016136a78a49bdbe15f1a9b"}
,"F:\\Otus\\otus-ai-project\\backend\\src\\utils\\validate.js": {"path":"F:\\Otus\\otus-ai-project\\backend\\src\\utils\\validate.js","statementMap":{"0":{"start":{"line":3,"column":25},"end":{"line":3,"column":28}},"1":{"start":{"line":4,"column":28},"end":{"line":4,"column":29}},"2":{"start":{"line":5,"column":28},"end":{"line":5,"column":30}},"3":{"start":{"line":6,"column":28},"end":{"line":6,"column":29}},"4":{"start":{"line":7,"column":28},"end":{"line":7,"column":30}},"5":{"start":{"line":10,"column":25},"end":{"line":10,"column":59}},"6":{"start":{"line":17,"column":2},"end":{"line":17,"column":35}},"7":{"start":{"line":24,"column":2},"end":{"line":24,"column":61}},"8":{"start":{"line":32,"column":2},"end":{"line":39,"column":3}},"9":{"start":{"line":38,"column":4},"end":{"line":38,"column":43}},"10":{"start":{"line":42,"column":24},"end":{"line":42,"column":65}},"11":{"start":{"line":43,"column":2},"end":{"line":45,"column":3}},"12":{"start":{"line":43,"column":32},"end":{"line":43,"column":77}},"13":{"start":{"line":44,"column":4},"end":{"line":44,"column":43}},"14":{"start":{"line":47,"column":2},"end":{"line":47,"column":12}},"15":{"start":{"line":51,"column":17},"end":{"line":51,"column":19}},"16":{"start":{"line":53,"column":2},"end":{"line":53,"column":50}},"17":{"start":{"line":53,"column":22},"end":{"line":53,"column":50}},"18":{"start":{"line":54,"column":16},"end":{"line":54,"column":26}},"19":{"start":{"line":56,"column":2},"end":{"line":56,"column":42}},"20":{"start":{"line":56,"column":14},"end":{"line":56,"column":42}},"21":{"start":{"line":59,"column":2},"end":{"line":59,"column":105}},"22":{"start":{"line":59,"column":39},"end":{"line":59,"column":105}},"23":{"start":{"line":61,"column":2},"end":{"line":61,"column":76}},"24":{"start":{"line":61,"column":29},"end":{"line":61,"column":76}},"25":{"start":{"line":63,"column":2},"end":{"line":63,"column":93}},"26":{"start":{"line":63,"column":52},"end":{"line":63,"column":93}},"27":{"start":{"line":65,"column":2},"end":{"line":65,"column":16}},"28":{"start":{"line":69,"column":17},"end":{"line":69,"column":19}},"29":{"start":{"line":71,"column":2},"end":{"line":71,"column":51}},"30":{"start":{"line":71,"column":22},"end":{"line":71,"column":51}},"31":{"start":{"line":72,"column":2},"end":{"line":72,"column":41}},"32":{"start":{"line":72,"column":12},"end":{"line":72,"column":41}},"33":{"start":{"line":75,"column":2},"end":{"line":75,"column":110}},"34":{"start":{"line":75,"column":40},"end":{"line":75,"column":110}},"35":{"start":{"line":76,"column":2},"end":{"line":76,"column":96}},"36":{"start":{"line":76,"column":40},"end":{"line":76,"column":96}},"37":{"start":{"line":78,"column":2},"end":{"line":78,"column":76}},"38":{"start":{"line":78,"column":26},"end":{"line":78,"column":76}},"39":{"start":{"line":79,"column":2},"end":{"line":79,"column":75}},"40":{"start":{"line":79,"column":26},"end":{"line":79,"column":75}},"41":{"start":{"line":80,"column":2},"end":{"line":80,"column":60}},"42":{"start":{"line":80,"column":26},"end":{"line":80,"column":60}},"43":{"start":{"line":81,"column":2},"end":{"line":81,"column":80}},"44":{"start":{"line":81,"column":33},"end":{"line":81,"column":80}},"45":{"start":{"line":83,"column":2},"end":{"line":83,"column":16}},"46":{"start":{"line":87,"column":2},"end":{"line":87,"column":70}},"47":{"start":{"line":87,"column":22},"end":{"line":87,"column":70}},"48":{"start":{"line":88,"column":14},"end":{"line":88,"column":24}},"49":{"start":{"line":89,"column":17},"end":{"line":89,"column":19}},"50":{"start":{"line":91,"column":2},"end":{"line":91,"column":107}},"51":{"start":{"line":91,"column":40},"end":{"line":91,"column":107}},"52":{"start":{"line":92,"column":2},"end":{"line":92,"column":115}},"53":{"start":{"line":92,"column":40},"end":{"line":92,"column":115}},"54":{"start":{"line":93,"column":2},"end":{"line":93,"column":76}},"55":{"start":{"line":93,"column":27},"end":{"line":93,"column":76}},"56":{"start":{"line":95,"column":2},"end":{"line":95,"column":16}},"57":{"start":{"line":104,"column":2},"end":{"line":119,"column":4}},"58":{"start":{"line":105,"column":24},"end":{"line":105,"column":51}},"59":{"start":{"line":106,"column":4},"end":{"line":108,"column":5}},"60":{"start":{"line":107,"column":6},"end":{"line":107,"column":63}},"61":{"start":{"line":110,"column":19},"end":{"line":110,"column":37}},"62":{"start":{"line":111,"column":22},"end":{"line":111,"column":69}},"63":{"start":{"line":111,"column":56},"end":{"line":111,"column":68}},"64":{"start":{"line":113,"column":4},"end":{"line":116,"column":5}},"65":{"start":{"line":114,"column":27},"end":{"line":114,"column":58}},"66":{"start":{"line":115,"column":6},"end":{"line":115,"column":69}},"67":{"start":{"line":118,"column":4},"end":{"line":118,"column":11}},"68":{"start":{"line":123,"column":25},"end":{"line":134,"column":2}},"69":{"start":{"line":124,"column":17},"end":{"line":124,"column":19}},"70":{"start":{"line":125,"column":22},"end":{"line":125,"column":42}},"71":{"start":{"line":126,"column":25},"end":{"line":126,"column":51}},"72":{"start":{"line":127,"column":2},"end":{"line":127,"column":53}},"73":{"start":{"line":127,"column":26},"end":{"line":127,"column":53}},"74":{"start":{"line":128,"column":2},"end":{"line":128,"column":62}},"75":{"start":{"line":128,"column":29},"end":{"line":128,"column":62}},"76":{"start":{"line":129,"column":2},"end":{"line":132,"column":3}},"77":{"start":{"line":130,"column":27},"end":{"line":130,"column":53}},"78":{"start":{"line":131,"column":4},"end":{"line":131,"column":64}},"79":{"start":{"line":131,"column":31},"end":{"line":131,"column":64}},"80":{"start":{"line":133,"column":2},"end":{"line":133,"column":16}},"81":{"start":{"line":136,"column":22},"end":{"line":143,"column":2}},"82":{"start":{"line":137,"column":17},"end":{"line":137,"column":19}},"83":{"start":{"line":138,"column":22},"end":{"line":138,"column":42}},"84":{"start":{"line":139,"column":25},"end":{"line":139,"column":51}},"85":{"start":{"line":140,"column":2},"end":{"line":140,"column":53}},"86":{"start":{"line":140,"column":26},"end":{"line":140,"column":53}},"87":{"start":{"line":141,"column":2},"end":{"line":141,"column":62}},"88":{"start":{"line":141,"column":29},"end":{"line":141,"column":62}},"89":{"start":{"line":142,"column":2},"end":{"line":142,"column":16}},"90":{"start":{"line":145,"column":0},"end":{"line":145,"column":104}}},"fnMap":{"0":{"name":"isString","decl":{"start":{"line":16,"column":9},"end":{"line":16,"column":17}},"loc":{"start":{"line":16,"column":25},"end":{"line":18,"column":1}},"line":16},"1":{"name":"hasUnsafeChars","decl":{"start":{"line":23,"column":9},"end":{"line":23,"column":23}},"loc":{"start":{"line":23,"column":29},"end":{"line":25,"column":1}},"line":23},"2":{"name":"validateBodyShape","decl":{"start":{"line":31,"column":9},"end":{"line":31,"column":26}},"loc":{"start":{"line":31,"column":33},"end":{"line":48,"column":1}},"line":31},"3":{"name":"(anonymous_3)","decl":{"start":{"line":43,"column":25},"end":{"line":43,"column":26}},"loc":{"start":{"line":43,"column":32},"end":{"line":43,"column":77}},"line":43},"4":{"name":"validateEmail","decl":{"start":{"line":50,"column":9},"end":{"line":50,"column":22}},"loc":{"start":{"line":50,"column":28},"end":{"line":66,"column":1}},"line":50},"5":{"name":"validatePassword","decl":{"start":{"line":68,"column":9},"end":{"line":68,"column":25}},"loc":{"start":{"line":68,"column":31},"end":{"line":84,"column":1}},"line":68},"6":{"name":"validateUsername","decl":{"start":{"line":86,"column":9},"end":{"line":86,"column":25}},"loc":{"start":{"line":86,"column":31},"end":{"line":96,"column":1}},"line":86},"7":{"name":"makeValidator","decl":{"start":{"line":103,"column":9},"end":{"line":103,"column":22}},"loc":{"start":{"line":103,"column":33},"end":{"line":120,"column":1}},"line":103},"8":{"name":"(anonymous_8)","decl":{"start":{"line":104,"column":9},"end":{"line":104,"column":10}},"loc":{"start":{"line":104,"column":29},"end":{"line":119,"column":3}},"line":104},"9":{"name":"(anonymous_9)","decl":{"start":{"line":111,"column":49},"end":{"line":111,"column":50}},"loc":{"start":{"line":111,"column":56},"end":{"line":111,"column":68}},"line":111},"10":{"name":"(anonymous_10)","decl":{"start":{"line":123,"column":39},"end":{"line":123,"column":40}},"loc":{"start":{"line":123,"column":74},"end":{"line":134,"column":1}},"line":123},"11":{"name":"(anonymous_11)","decl":{"start":{"line":136,"column":36},"end":{"line":136,"column":37}},"loc":{"start":{"line":136,"column":61},"end":{"line":143,"column":1}},"line":136}},"branchMap":{"0":{"loc":{"start":{"line":24,"column":9},"end":{"line":24,"column":60}},"type":"binary-expr","locations":[{"start":{"line":24,"column":9},"end":{"line":24,"column":30}},{"start":{"line":24,"column":34},"end":{"line":24,"column":60}}],"line":24},"1":{"loc":{"start":{"line":32,"column":2},"end":{"line":39,"column":3}},"type":"if","locations":[{"start":{"line":32,"column":2},"end":{"line":39,"column":3}},{"start":{},"end":{}}],"line":32},"2":{"loc":{"start":{"line":33,"column":4},"end":{"line":36,"column":52}},"type":"binary-expr","locations":[{"start":{"line":33,"column":4},"end":{"line":33,"column":9}},{"start":{"line":34,"column":4},"end":{"line":34,"column":28}},{"start":{"line":35,"column":4},"end":{"line":35,"column":23}},{"start":{"line":36,"column":4},"end":{"line":36,"column":52}}],"line":33},"3":{"loc":{"start":{"line":43,"column":2},"end":{"line":45,"column":3}},"type":"if","locations":[{"start":{"line":43,"column":2},"end":{"line":45,"column":3}},{"start":{},"end":{}}],"line":43},"4":{"loc":{"start":{"line":53,"column":2},"end":{"line":53,"column":50}},"type":"if","locations":[{"start":{"line":53,"column":2},"end":{"line":53,"column":50}},{"start":{},"end":{}}],"line":53},"5":{"loc":{"start":{"line":56,"column":2},"end":{"line":56,"column":42}},"type":"if","locations":[{"start":{"line":56,"column":2},"end":{"line":56,"column":42}},{"start":{},"end":{}}],"line":56},"6":{"loc":{"start":{"line":59,"column":2},"end":{"line":59,"column":105}},"type":"if","locations":[{"start":{"line":59,"column":2},"end":{"line":59,"column":105}},{"start":{},"end":{}}],"line":59},"7":{"loc":{"start":{"line":61,"column":2},"end":{"line":61,"column":76}},"type":"if","locations":[{"start":{"line":61,"column":2},"end":{"line":61,"column":76}},{"start":{},"end":{}}],"line":61},"8":{"loc":{"start":{"line":63,"column":2},"end":{"line":63,"column":93}},"type":"if","locations":[{"start":{"line":63,"column":2},"end":{"line":63,"column":93}},{"start":{},"end":{}}],"line":63},"9":{"loc":{"start":{"line":71,"column":2},"end":{"line":71,"column":51}},"type":"if","locations":[{"start":{"line":71,"column":2},"end":{"line":71,"column":51}},{"start":{},"end":{}}],"line":71},"10":{"loc":{"start":{"line":72,"column":2},"end":{"line":72,"column":41}},"type":"if","locations":[{"start":{"line":72,"column":2},"end":{"line":72,"column":41}},{"start":{},"end":{}}],"line":72},"11":{"loc":{"start":{"line":75,"column":2},"end":{"line":75,"column":110}},"type":"if","locations":[{"start":{"line":75,"column":2},"end":{"line":75,"column":110}},{"start":{},"end":{}}],"line":75},"12":{"loc":{"start":{"line":76,"column":2},"end":{"line":76,"column":96}},"type":"if","locations":[{"start":{"line":76,"column":2},"end":{"line":76,"column":96}},{"start":{},"end":{}}],"line":76},"13":{"loc":{"start":{"line":78,"column":2},"end":{"line":78,"column":76}},"type":"if","locations":[{"start":{"line":78,"column":2},"end":{"line":78,"column":76}},{"start":{},"end":{}}],"line":78},"14":{"loc":{"start":{"line":79,"column":2},"end":{"line":79,"column":75}},"type":"if","locations":[{"start":{"line":79,"column":2},"end":{"line":79,"column":75}},{"start":{},"end":{}}],"line":79},"15":{"loc":{"start":{"line":80,"column":2},"end":{"line":80,"column":60}},"type":"if","locations":[{"start":{"line":80,"column":2},"end":{"line":80,"column":60}},{"start":{},"end":{}}],"line":80},"16":{"loc":{"start":{"line":81,"column":2},"end":{"line":81,"column":80}},"type":"if","locations":[{"start":{"line":81,"column":2},"end":{"line":81,"column":80}},{"start":{},"end":{}}],"line":81},"17":{"loc":{"start":{"line":87,"column":2},"end":{"line":87,"column":70}},"type":"if","locations":[{"start":{"line":87,"column":2},"end":{"line":87,"column":70}},{"start":{},"end":{}}],"line":87},"18":{"loc":{"start":{"line":91,"column":2},"end":{"line":91,"column":107}},"type":"if","locations":[{"start":{"line":91,"column":2},"end":{"line":91,"column":107}},{"start":{},"end":{}}],"line":91},"19":{"loc":{"start":{"line":92,"column":2},"end":{"line":92,"column":115}},"type":"if","locations":[{"start":{"line":92,"column":2},"end":{"line":92,"column":115}},{"start":{},"end":{}}],"line":92},"20":{"loc":{"start":{"line":93,"column":2},"end":{"line":93,"column":76}},"type":"if","locations":[{"start":{"line":93,"column":2},"end":{"line":93,"column":76}},{"start":{},"end":{}}],"line":93},"21":{"loc":{"start":{"line":106,"column":4},"end":{"line":108,"column":5}},"type":"if","locations":[{"start":{"line":106,"column":4},"end":{"line":108,"column":5}},{"start":{},"end":{}}],"line":106},"22":{"loc":{"start":{"line":113,"column":4},"end":{"line":116,"column":5}},"type":"if","locations":[{"start":{"line":113,"column":4},"end":{"line":116,"column":5}},{"start":{},"end":{}}],"line":113},"23":{"loc":{"start":{"line":127,"column":2},"end":{"line":127,"column":53}},"type":"if","locations":[{"start":{"line":127,"column":2},"end":{"line":127,"column":53}},{"start":{},"end":{}}],"line":127},"24":{"loc":{"start":{"line":128,"column":2},"end":{"line":128,"column":62}},"type":"if","locations":[{"start":{"line":128,"column":2},"end":{"line":128,"column":62}},{"start":{},"end":{}}],"line":128},"25":{"loc":{"start":{"line":129,"column":2},"end":{"line":132,"column":3}},"type":"if","locations":[{"start":{"line":129,"column":2},"end":{"line":132,"column":3}},{"start":{},"end":{}}],"line":129},"26":{"loc":{"start":{"line":131,"column":4},"end":{"line":131,"column":64}},"type":"if","locations":[{"start":{"line":131,"column":4},"end":{"line":131,"column":64}},{"start":{},"end":{}}],"line":131},"27":{"loc":{"start":{"line":140,"column":2},"end":{"line":140,"column":53}},"type":"if","locations":[{"start":{"line":140,"column":2},"end":{"line":140,"column":53}},{"start":{},"end":{}}],"line":140},"28":{"loc":{"start":{"line":141,"column":2},"end":{"line":141,"column":62}},"type":"if","locations":[{"start":{"line":141,"column":2},"end":{"line":141,"column":62}},{"start":{},"end":{}}],"line":141}},"s":{"0":4,"1":4,"2":4,"3":4,"4":4,"5":4,"6":129,"7":55,"8":52,"9":2,"10":50,"11":50,"12":150,"13":0,"14":50,"15":61,"16":61,"17":4,"18":57,"19":57,"20":1,"21":56,"22":1,"23":55,"24":1,"25":54,"26":7,"27":54,"28":68,"29":68,"30":1,"31":67,"32":1,"33":66,"34":1,"35":65,"36":6,"37":65,"38":7,"39":65,"40":1,"41":65,"42":7,"43":65,"44":7,"45":65,"46":0,"47":0,"48":0,"49":0,"50":0,"51":0,"52":0,"53":0,"54":0,"55":0,"56":0,"57":8,"58":52,"59":52,"60":2,"61":50,"62":50,"63":9,"64":50,"65":9,"66":9,"67":41,"68":4,"69":28,"70":28,"71":28,"72":28,"73":3,"74":28,"75":3,"76":28,"77":0,"78":0,"79":0,"80":28,"81":4,"82":22,"83":22,"84":22,"85":22,"86":3,"87":22,"88":0,"89":22,"90":4},"f":{"0":129,"1":55,"2":52,"3":150,"4":61,"5":68,"6":0,"7":8,"8":52,"9":9,"10":28,"11":22},"b":{"0":[55,54],"1":[2,50],"2":[52,51,51,50],"3":[0,50],"4":[4,57],"5":[1,56],"6":[1,55],"7":[1,54],"8":[7,47],"9":[1,67],"10":[1,66],"11":[1,65],"12":[6,59],"13":[7,58],"14":[1,64],"15":[7,58],"16":[7,58],"17":[0,0],"18":[0,0],"19":[0,0],"20":[0,0],"21":[2,50],"22":[9,41],"23":[3,25],"24":[3,25],"25":[0,28],"26":[0,0],"27":[3,19],"28":[0,22]},"_coverageSchema":"1a1c01bbd47fc00a2c39e90264f33305004495a9","hash":"494f64f0521916633be91729e5f57bfa75d6489d"}
}
