TN:
SF:src\app.js
FN:30,createApp
FN:46,(anonymous_1)
FN:53,(anonymous_2)
FN:55,(anonymous_3)
FNF:4
FNH:1
FNDA:27,createApp
FNDA:0,(anonymous_1)
FNDA:0,(anonymous_2)
FNDA:0,(anonymous_3)
DA:2,2
DA:3,2
DA:4,2
DA:5,2
DA:6,2
DA:8,2
DA:9,2
DA:10,2
DA:12,2
DA:13,2
DA:14,2
DA:16,2
DA:17,2
DA:18,2
DA:20,2
DA:31,27
DA:32,27
DA:33,27
DA:35,27
DA:37,27
DA:38,27
DA:39,27
DA:41,27
DA:42,27
DA:43,27
DA:44,27
DA:46,27
DA:48,27
DA:52,2
DA:53,0
DA:54,0
DA:55,0
DA:59,2
LF:33
LH:30
BRDA:20,0,0,2
BRDA:20,0,1,0
BRDA:52,1,0,0
BRDA:52,1,1,2
BRF:4
BRH:2
end_of_record
TN:
SF:src\__tests__\helpers\createTestDb.js
FN:14,createTestDb
FNF:1
FNH:1
FNDA:27,createTestDb
DA:4,2
DA:15,27
DA:18,2
LF:3
LH:3
BRF:0
BRH:0
end_of_record
TN:
SF:src\config\database.js
FN:11,applySchema
FN:56,createDatabase
FN:65,initializeDatabase
FNF:3
FNH:2
FNDA:27,applySchema
FNDA:27,createDatabase
FNDA:0,initializeDatabase
DA:2,2
DA:3,2
DA:4,2
DA:12,27
DA:24,27
DA:33,27
DA:42,27
DA:57,27
DA:58,27
DA:59,27
DA:66,0
DA:67,0
DA:68,0
DA:71,2
LF:14
LH:11
BRF:0
BRH:0
end_of_record
TN:
SF:src\config\swagger.js
FNF:0
FNH:0
DA:2,2
DA:4,2
DA:43,2
LF:3
LH:3
BRF:0
BRH:0
end_of_record
TN:
SF:src\middleware\adminAuth.js
FN:4,adminAuth
FNF:1
FNH:0
FNDA:0,adminAuth
DA:2,2
DA:5,0
DA:6,0
DA:7,0
DA:9,0
DA:10,0
DA:11,0
DA:13,0
DA:17,2
LF:9
LH:2
BRDA:6,0,0,0
BRDA:6,0,1,0
BRF:2
BRH:0
end_of_record
TN:
SF:src\middleware\auth.js
FN:4,(anonymous_0)
FNF:1
FNH:1
FNDA:24,(anonymous_0)
DA:2,4
DA:4,4
DA:6,24
DA:8,24
DA:9,5
DA:12,19
DA:13,19
DA:14,15
DA:15,15
DA:17,4
DA:21,4
LF:11
LH:11
BRDA:6,0,0,24
BRDA:6,0,1,6
BRDA:8,1,0,5
BRDA:8,1,1,19
BRF:4
BRH:4
end_of_record
TN:
SF:src\models\PasswordReset.js
FN:7,generateToken
FN:15,createPasswordResetModel
FN:19,(anonymous_2)
FN:30,(anonymous_3)
FN:43,(anonymous_4)
FN:47,(anonymous_5)
FN:56,(anonymous_6)
FNF:7
FNH:7
FNDA:5,generateToken
FNDA:27,createPasswordResetModel
FNDA:5,(anonymous_2)
FNDA:3,(anonymous_3)
FNDA:2,(anonymous_4)
FNDA:7,(anonymous_5)
FNDA:6,(anonymous_6)
DA:2,2
DA:4,2
DA:5,2
DA:8,5
DA:16,27
DA:20,5
DA:21,5
DA:22,5
DA:23,5
DA:27,5
DA:31,3
DA:35,3
DA:36,2
DA:37,0
DA:38,0
DA:40,2
DA:44,2
DA:48,7
DA:49,7
DA:53,7
DA:57,6
DA:58,6
DA:66,2
LF:23
LH:21
BRDA:35,0,0,1
BRDA:35,0,1,2
BRDA:36,1,0,0
BRDA:36,1,1,2
BRF:4
BRH:3
end_of_record
TN:
SF:src\models\RefreshToken.js
FN:10,createRefreshTokenModel
FN:12,(anonymous_1)
FN:22,(anonymous_2)
FN:26,(anonymous_3)
FN:30,(anonymous_4)
FNF:5
FNH:5
FNDA:27,createRefreshTokenModel
FNDA:12,(anonymous_1)
FNDA:3,(anonymous_2)
FNDA:3,(anonymous_3)
FNDA:2,(anonymous_4)
DA:2,2
DA:4,2
DA:11,27
DA:13,12
DA:14,12
DA:15,12
DA:19,12
DA:23,3
DA:27,3
DA:31,2
DA:36,2
LF:11
LH:11
BRF:0
BRH:0
end_of_record
TN:
SF:src\models\User.js
FN:12,createUserModel
FN:14,(anonymous_1)
FN:25,(anonymous_2)
FN:29,(anonymous_3)
FN:36,(anonymous_4)
FN:40,(anonymous_5)
FN:44,(anonymous_6)
FN:51,(anonymous_7)
FN:56,(anonymous_8)
FN:62,(anonymous_9)
FN:68,(anonymous_10)
FN:78,(anonymous_11)
FN:93,(anonymous_12)
FNF:13
FNH:9
FNDA:27,createUserModel
FNDA:19,(anonymous_1)
FNDA:20,(anonymous_2)
FNDA:8,(anonymous_3)
FNDA:13,(anonymous_4)
FNDA:17,(anonymous_5)
FNDA:15,(anonymous_6)
FNDA:2,(anonymous_7)
FNDA:1,(anonymous_8)
FNDA:0,(anonymous_9)
FNDA:0,(anonymous_10)
FNDA:0,(anonymous_11)
FNDA:0,(anonymous_12)
DA:2,2
DA:3,2
DA:13,27
DA:15,19
DA:16,19
DA:17,19
DA:18,19
DA:22,18
DA:26,20
DA:30,8
DA:37,13
DA:41,17
DA:45,15
DA:52,2
DA:53,2
DA:57,1
DA:63,0
DA:69,0
DA:70,0
DA:71,0
DA:75,0
DA:79,0
DA:80,0
DA:81,0
DA:86,0
DA:94,0
DA:99,2
LF:27
LH:17
BRDA:79,0,0,0
BRDA:79,0,1,0
BRF:2
BRH:0
end_of_record
TN:
SF:src\routes\admin.js
FN:16,createAdminRouter
FN:20,(anonymous_1)
FN:36,(anonymous_2)
FN:42,(anonymous_3)
FN:47,(anonymous_4)
FN:58,(anonymous_5)
FN:76,(anonymous_6)
FN:94,(anonymous_7)
FNF:8
FNH:1
FNDA:27,createAdminRouter
FNDA:0,(anonymous_1)
FNDA:0,(anonymous_2)
FNDA:0,(anonymous_3)
FNDA:0,(anonymous_4)
FNDA:0,(anonymous_5)
FNDA:0,(anonymous_6)
FNDA:0,(anonymous_7)
DA:2,2
DA:3,2
DA:4,2
DA:6,2
DA:17,27
DA:20,27
DA:21,0
DA:22,0
DA:28,0
DA:30,0
DA:31,0
DA:32,0
DA:36,27
DA:37,0
DA:38,0
DA:42,27
DA:43,0
DA:47,27
DA:48,0
DA:49,0
DA:50,0
DA:52,0
DA:53,0
DA:58,27
DA:59,0
DA:60,0
DA:61,0
DA:63,0
DA:64,0
DA:65,0
DA:67,0
DA:68,0
DA:70,0
DA:71,0
DA:76,27
DA:77,0
DA:78,0
DA:79,0
DA:81,0
DA:82,0
DA:83,0
DA:85,0
DA:86,0
DA:88,0
DA:89,0
DA:94,27
DA:95,0
DA:96,0
DA:97,0
DA:99,0
DA:100,0
DA:104,27
DA:107,2
LF:53
LH:14
BRDA:21,0,0,0
BRDA:21,0,1,0
BRDA:22,1,0,0
BRDA:22,1,1,0
BRDA:23,2,0,0
BRDA:23,2,1,0
BRDA:23,2,2,0
BRDA:23,2,3,0
BRDA:59,3,0,0
BRDA:59,3,1,0
BRDA:60,4,0,0
BRDA:60,4,1,0
BRDA:60,5,0,0
BRDA:60,5,1,0
BRDA:60,5,2,0
BRDA:67,6,0,0
BRDA:67,6,1,0
BRDA:77,7,0,0
BRDA:77,7,1,0
BRDA:78,8,0,0
BRDA:78,8,1,0
BRDA:78,9,0,0
BRDA:78,9,1,0
BRDA:85,10,0,0
BRDA:85,10,1,0
BRF:25
BRH:0
end_of_record
TN:
SF:src\routes\auth.js
FN:9,setTokenCookies
FN:30,createAuthRouter
FN:64,(anonymous_2)
FN:95,(anonymous_3)
FN:130,(anonymous_4)
FN:169,(anonymous_5)
FN:204,(anonymous_6)
FN:207,(anonymous_7)
FN:225,(anonymous_8)
FN:259,(anonymous_9)
FNF:10
FNH:9
FNDA:14,setTokenCookies
FNDA:50,createAuthRouter
FNDA:21,(anonymous_2)
FNDA:17,(anonymous_3)
FNDA:18,(anonymous_4)
FNDA:8,(anonymous_5)
FNDA:3,(anonymous_6)
FNDA:0,(anonymous_7)
FNDA:11,(anonymous_8)
FNDA:8,(anonymous_9)
DA:2,3
DA:3,3
DA:4,3
DA:6,3
DA:7,3
DA:10,14
DA:16,14
DA:31,50
DA:64,50
DA:65,21
DA:66,21
DA:67,21
DA:68,21
DA:69,19
DA:70,19
DA:72,2
DA:73,2
DA:75,0
DA:76,0
DA:95,50
DA:96,17
DA:97,17
DA:98,17
DA:99,17
DA:100,17
DA:101,15
DA:102,15
DA:104,0
DA:105,0
DA:130,50
DA:131,18
DA:132,18
DA:133,18
DA:134,18
DA:136,16
DA:137,16
DA:139,13
DA:141,11
DA:146,11
DA:147,11
DA:149,11
DA:154,0
DA:155,0
DA:169,50
DA:170,8
DA:171,8
DA:173,6
DA:174,6
DA:175,6
DA:176,3
DA:179,3
DA:180,3
DA:182,3
DA:187,3
DA:188,3
DA:190,0
DA:191,0
DA:204,50
DA:205,3
DA:206,3
DA:207,2
DA:209,3
DA:210,3
DA:211,3
DA:225,50
DA:226,11
DA:227,11
DA:228,11
DA:230,10
DA:231,10
DA:232,10
DA:233,2
DA:235,8
DA:237,8
DA:238,8
DA:239,6
DA:240,6
DA:242,8
DA:244,0
DA:245,0
DA:259,50
DA:260,8
DA:262,8
DA:263,1
DA:265,7
DA:266,7
DA:267,2
DA:270,5
DA:271,5
DA:272,5
DA:274,3
DA:275,3
DA:276,3
DA:278,3
DA:279,3
DA:281,3
DA:283,0
DA:284,0
DA:288,50
DA:291,3
LF:100
LH:88
BRDA:66,0,0,21
BRDA:66,0,1,21
BRDA:72,1,0,2
BRDA:72,1,1,0
BRDA:97,2,0,0
BRDA:97,2,1,17
BRDA:100,3,0,2
BRDA:100,3,1,15
BRDA:134,4,0,2
BRDA:134,4,1,16
BRDA:137,5,0,3
BRDA:137,5,1,13
BRDA:139,6,0,2
BRDA:139,6,1,11
BRDA:171,7,0,2
BRDA:171,7,1,6
BRDA:175,8,0,3
BRDA:175,8,1,3
BRDA:175,9,0,6
BRDA:175,9,1,4
BRDA:206,10,0,2
BRDA:206,10,1,1
BRDA:227,11,0,11
BRDA:227,11,1,0
BRDA:228,12,0,1
BRDA:228,12,1,10
BRDA:232,13,0,2
BRDA:232,13,1,8
BRDA:238,14,0,6
BRDA:238,14,1,2
BRDA:260,15,0,8
BRDA:260,15,1,0
BRDA:262,16,0,1
BRDA:262,16,1,7
BRDA:262,17,0,8
BRDA:262,17,1,7
BRDA:266,18,0,2
BRDA:266,18,1,5
BRDA:272,19,0,2
BRDA:272,19,1,3
BRDA:279,20,0,3
BRDA:279,20,1,0
BRF:42
BRH:37
end_of_record
TN:
SF:src\routes\profile.js
FN:8,createProfileRouter
FN:31,(anonymous_1)
FN:64,(anonymous_2)
FNF:3
FNH:3
FNDA:35,createProfileRouter
FNDA:7,(anonymous_1)
FNDA:6,(anonymous_2)
DA:2,3
DA:3,3
DA:9,35
DA:31,35
DA:32,7
DA:33,7
DA:34,7
DA:35,6
DA:37,0
DA:38,0
DA:64,35
DA:65,6
DA:66,6
DA:67,4
DA:69,2
DA:70,2
DA:71,2
DA:72,2
DA:74,0
DA:75,0
DA:79,35
DA:82,3
LF:22
LH:18
BRDA:34,0,0,1
BRDA:34,0,1,6
BRDA:66,1,0,4
BRDA:66,1,1,2
BRDA:66,2,0,6
BRDA:66,2,1,4
BRF:6
BRH:6
end_of_record
TN:
SF:src\utils\validate.js
FN:16,isString
FN:23,hasUnsafeChars
FN:31,validateBodyShape
FN:43,(anonymous_3)
FN:50,validateEmail
FN:68,validatePassword
FN:86,validateUsername
FN:103,makeValidator
FN:104,(anonymous_8)
FN:111,(anonymous_9)
FN:123,(anonymous_10)
FN:136,(anonymous_11)
FNF:12
FNH:11
FNDA:129,isString
FNDA:55,hasUnsafeChars
FNDA:52,validateBodyShape
FNDA:150,(anonymous_3)
FNDA:61,validateEmail
FNDA:68,validatePassword
FNDA:0,validateUsername
FNDA:8,makeValidator
FNDA:52,(anonymous_8)
FNDA:9,(anonymous_9)
FNDA:28,(anonymous_10)
FNDA:22,(anonymous_11)
DA:3,4
DA:4,4
DA:5,4
DA:6,4
DA:7,4
DA:10,4
DA:17,129
DA:24,55
DA:32,52
DA:38,2
DA:42,50
DA:43,150
DA:44,0
DA:47,50
DA:51,61
DA:53,61
DA:54,57
DA:56,57
DA:59,56
DA:61,55
DA:63,54
DA:65,54
DA:69,68
DA:71,68
DA:72,67
DA:75,66
DA:76,65
DA:78,65
DA:79,65
DA:80,65
DA:81,65
DA:83,65
DA:87,0
DA:88,0
DA:89,0
DA:91,0
DA:92,0
DA:93,0
DA:95,0
DA:104,8
DA:105,52
DA:106,52
DA:107,2
DA:110,50
DA:111,50
DA:113,50
DA:114,9
DA:115,9
DA:118,41
DA:123,4
DA:124,28
DA:125,28
DA:126,28
DA:127,28
DA:128,28
DA:129,28
DA:130,0
DA:131,0
DA:133,28
DA:136,4
DA:137,22
DA:138,22
DA:139,22
DA:140,22
DA:141,22
DA:142,22
DA:145,4
LF:67
LH:57
BRDA:24,0,0,55
BRDA:24,0,1,54
BRDA:32,1,0,2
BRDA:32,1,1,50
BRDA:33,2,0,52
BRDA:33,2,1,51
BRDA:33,2,2,51
BRDA:33,2,3,50
BRDA:43,3,0,0
BRDA:43,3,1,50
BRDA:53,4,0,4
BRDA:53,4,1,57
BRDA:56,5,0,1
BRDA:56,5,1,56
BRDA:59,6,0,1
BRDA:59,6,1,55
BRDA:61,7,0,1
BRDA:61,7,1,54
BRDA:63,8,0,7
BRDA:63,8,1,47
BRDA:71,9,0,1
BRDA:71,9,1,67
BRDA:72,10,0,1
BRDA:72,10,1,66
BRDA:75,11,0,1
BRDA:75,11,1,65
BRDA:76,12,0,6
BRDA:76,12,1,59
BRDA:78,13,0,7
BRDA:78,13,1,58
BRDA:79,14,0,1
BRDA:79,14,1,64
BRDA:80,15,0,7
BRDA:80,15,1,58
BRDA:81,16,0,7
BRDA:81,16,1,58
BRDA:87,17,0,0
BRDA:87,17,1,0
BRDA:91,18,0,0
BRDA:91,18,1,0
BRDA:92,19,0,0
BRDA:92,19,1,0
BRDA:93,20,0,0
BRDA:93,20,1,0
BRDA:106,21,0,2
BRDA:106,21,1,50
BRDA:113,22,0,9
BRDA:113,22,1,41
BRDA:127,23,0,3
BRDA:127,23,1,25
BRDA:128,24,0,3
BRDA:128,24,1,25
BRDA:129,25,0,0
BRDA:129,25,1,28
BRDA:131,26,0,0
BRDA:131,26,1,0
BRDA:140,27,0,3
BRDA:140,27,1,19
BRDA:141,28,0,0
BRDA:141,28,1,22
BRF:60
BRH:47
end_of_record
